Log file open, 02/26/18 14:24:59
LogWindows: Failed to load 'aqProf.dll' (GetLastError=126)
LogWindows: File 'aqProf.dll' does not exist
LogWindows: Failed to load 'VSPerf140.dll' (GetLastError=126)
LogWindows: File 'VSPerf140.dll' does not exist
LogWindows: Failed to load 'VtuneApi.dll' (GetLastError=126)
LogWindows: File 'VtuneApi.dll' does not exist
LogWindows: Failed to load 'VtuneApi32e.dll' (GetLastError=126)
LogWindows: File 'VtuneApi32e.dll' does not exist
LogInit: Display: Running engine for game: MyProject
LogPlatformFile: Not using cached read wrapper
LogInit: Display: RandInit(-293657864) SRandInit(-293657864).
LogInit: Read version file with build ID '3709383'
LogInit: Overriding engine version to CL 3794801, compatible CL 3709383
LogInit: Registered custom module enumerator with build ID '3709383'
LogTaskGraph: Started task graph with 5 named threads and 8 total threads with 3 sets of task threads.
LogStats: Stats thread started at 0.172879
LogD3D11RHI: Aftermath initialized
LogModuleManager: Display: Found up-to-date module file ../../../Engine/Plugins/2D/Paper2D/Binaries/Win64/UE4Editor-Paper2D.dll (API version 3709383).
LogModuleManager: Display: Found up-to-date module file ../../../Engine/Plugins/2D/Paper2D/Binaries/Win64/UE4Editor-Paper2DEditor.dll (API version 3709383).
LogModuleManager: Display: Found up-to-date module file ../../../Engine/Plugins/2D/Paper2D/Binaries/Win64/UE4Editor-PaperSpriteSheetImporter.dll (API version 3709383).
LogModuleManager: Display: Found up-to-date module file ../../../Engine/Plugins/2D/Paper2D/Binaries/Win64/UE4Editor-PaperTiledImporter.dll (API version 3709383).
LogModuleManager: Display: Found up-to-date module file ../../../Engine/Plugins/2D/Paper2D/Binaries/Win64/UE4Editor-SmartSnapping.dll (API version 3709383).
LogModuleManager: Display: Found up-to-date module file ../../../Engine/Plugins/Blendables/LightPropagationVolume/Binaries/Win64/UE4Editor-LightPropagationVolumeRuntime.dll (API version 3709383).
LogModuleManager: Display: Found up-to-date module file ../../../Engine/Plugins/Blendables/LightPropagationVolume/Binaries/Win64/UE4Editor-LightPropagationVolumeEditor.dll (API version 3709383).
LogModuleManager: Display: Found up-to-date module file ../../../Engine/Plugins/Developer/GitSourceControl/Binaries/Win64/UE4Editor-GitSourceControl.dll (API version 3709383).
LogModuleManager: Display: Found up-to-date module file ../../../Engine/Plugins/Developer/PerforceSourceControl/Binaries/Win64/UE4Editor-PerforceSourceControl.dll (API version 3709383).
LogModuleManager: Display: Found up-to-date module file ../../../Engine/Plugins/Developer/SubversionSourceControl/Binaries/Win64/UE4Editor-SubversionSourceControl.dll (API version 3709383).
LogModuleManager: Display: Found up-to-date module file ../../../Engine/Plugins/Developer/UObjectPlugin/Binaries/Win64/UE4Editor-UObjectPlugin.dll (API version 3709383).
LogModuleManager: Display: Found up-to-date module file ../../../Engine/Plugins/Developer/VisualStudioCodeSourceCodeAccess/Binaries/Win64/UE4Editor-VisualStudioCodeSourceCodeAccess.dll (API version 3709383).
LogModuleManager: Display: Found up-to-date module file ../../../Engine/Plugins/Developer/VisualStudioSourceCodeAccess/Binaries/Win64/UE4Editor-VisualStudioSourceCodeAccess.dll (API version 3709383).
LogModuleManager: Display: Found up-to-date module file ../../../Engine/Plugins/Editor/AssetManagerEditor/Binaries/Win64/UE4Editor-AssetManagerEditor.dll (API version 3709383).
LogModuleManager: Display: Found up-to-date module file ../../../Engine/Plugins/Editor/AudioCapture/Binaries/Win64/UE4Editor-AudioCapture.dll (API version 3709383).
LogModuleManager: Display: Found up-to-date module file ../../../Engine/Plugins/Editor/FacialAnimation/Binaries/Win64/UE4Editor-FacialAnimation.dll (API version 3709383).
LogModuleManager: Display: Found up-to-date module file ../../../Engine/Plugins/Editor/FacialAnimation/Binaries/Win64/UE4Editor-FacialAnimationEditor.dll (API version 3709383).
LogModuleManager: Display: Found up-to-date module file ../../../Engine/Plugins/Editor/GameplayTagsEditor/Binaries/Win64/UE4Editor-GameplayTagsEditor.dll (API version 3709383).
LogModuleManager: Display: Found up-to-date module file ../../../Engine/Plugins/Editor/MobileLauncherProfileWizard/Binaries/Win64/UE4Editor-MobileLauncherProfileWizard.dll (API version 3709383).
LogModuleManager: Display: Found up-to-date module file ../../../Engine/Plugins/Editor/PluginBrowser/Binaries/Win64/UE4Editor-PluginBrowser.dll (API version 3709383).
LogModuleManager: Display: Found up-to-date module file ../../../Engine/Plugins/Editor/SpeedTreeImporter/Binaries/Win64/UE4Editor-SpeedTreeImporter.dll (API version 3709383).
LogModuleManager: Display: Found up-to-date module file ../../../Engine/Plugins/Experimental/AlembicImporter/Binaries/Win64/UE4Editor-AlembicImporter.dll (API version 3709383).
LogModuleManager: Display: Found up-to-date module file ../../../Engine/Plugins/Experimental/AlembicImporter/Binaries/Win64/UE4Editor-AlembicLibrary.dll (API version 3709383).
LogModuleManager: Display: Found up-to-date module file ../../../Engine/Plugins/Experimental/CharacterAI/Binaries/Win64/UE4Editor-CharacterAI.dll (API version 3709383).
LogModuleManager: Display: Found up-to-date module file ../../../Engine/Plugins/Experimental/HTML5Networking/Binaries/Win64/UE4Editor-HTML5Networking.dll (API version 3709383).
LogModuleManager: Display: Found up-to-date module file ../../../Engine/Plugins/Media/AndroidMedia/Binaries/Win64/UE4Editor-AndroidMediaEditor.dll (API version 3709383).
LogModuleManager: Display: Found up-to-date module file ../../../Engine/Plugins/Media/AndroidMedia/Binaries/Win64/UE4Editor-AndroidMediaFactory.dll (API version 3709383).
LogModuleManager: Display: Found up-to-date module file ../../../Engine/Plugins/Media/AvfMedia/Binaries/Win64/UE4Editor-AvfMediaEditor.dll (API version 3709383).
LogModuleManager: Display: Found up-to-date module file ../../../Engine/Plugins/Media/AvfMedia/Binaries/Win64/UE4Editor-AvfMediaFactory.dll (API version 3709383).
LogModuleManager: Display: Found up-to-date module file ../../../Engine/Plugins/Media/AvfMedia/Binaries/Win64/UE4Editor-AvfMediaFactory.dll (API version 3709383).
LogModuleManager: Display: Found up-to-date module file ../../../Engine/Plugins/Media/ImgMedia/Binaries/Win64/UE4Editor-ImgMedia.dll (API version 3709383).
LogModuleManager: Display: Found up-to-date module file ../../../Engine/Plugins/Media/ImgMedia/Binaries/Win64/UE4Editor-ImgMediaEditor.dll (API version 3709383).
LogModuleManager: Display: Found up-to-date module file ../../../Engine/Plugins/Media/ImgMedia/Binaries/Win64/UE4Editor-ImgMediaFactory.dll (API version 3709383).
LogModuleManager: Display: Found up-to-date module file ../../../Engine/Plugins/Media/ImgMedia/Binaries/Win64/UE4Editor-ImgMediaFactory.dll (API version 3709383).
LogModuleManager: Display: Found up-to-date module file ../../../Engine/Plugins/Media/ImgMedia/Binaries/Win64/UE4Editor-OpenExrWrapper.dll (API version 3709383).
LogModuleManager: Display: Found up-to-date module file ../../../Engine/Plugins/Media/MediaCompositing/Binaries/Win64/UE4Editor-MediaCompositing.dll (API version 3709383).
LogModuleManager: Display: Found up-to-date module file ../../../Engine/Plugins/Media/MediaCompositing/Binaries/Win64/UE4Editor-MediaCompositingEditor.dll (API version 3709383).
LogModuleManager: Display: Found up-to-date module file ../../../Engine/Plugins/Media/MediaPlayerEditor/Binaries/Win64/UE4Editor-MediaPlayerEditor.dll (API version 3709383).
LogModuleManager: Display: Found up-to-date module file ../../../Engine/Plugins/Media/WmfMedia/Binaries/Win64/UE4Editor-WmfMedia.dll (API version 3709383).
LogModuleManager: Display: Found up-to-date module file ../../../Engine/Plugins/Media/WmfMedia/Binaries/Win64/UE4Editor-WmfMediaEditor.dll (API version 3709383).
LogModuleManager: Display: Found up-to-date module file ../../../Engine/Plugins/Media/WmfMedia/Binaries/Win64/UE4Editor-WmfMediaFactory.dll (API version 3709383).
LogModuleManager: Display: Found up-to-date module file ../../../Engine/Plugins/Media/WmfMedia/Binaries/Win64/UE4Editor-WmfMediaFactory.dll (API version 3709383).
LogModuleManager: Display: Found up-to-date module file ../../../Engine/Plugins/Messaging/TcpMessaging/Binaries/Win64/UE4Editor-TcpMessaging.dll (API version 3709383).
LogModuleManager: Display: Found up-to-date module file ../../../Engine/Plugins/Messaging/UdpMessaging/Binaries/Win64/UE4Editor-UdpMessaging.dll (API version 3709383).
LogModuleManager: Display: Found up-to-date module file ../../../Engine/Plugins/MovieScene/ActorSequence/Binaries/Win64/UE4Editor-ActorSequence.dll (API version 3709383).
LogModuleManager: Display: Found up-to-date module file ../../../Engine/Plugins/MovieScene/LevelSequenceEditor/Binaries/Win64/UE4Editor-LevelSequenceEditor.dll (API version 3709383).
LogModuleManager: Display: Found up-to-date module file ../../../Engine/Plugins/MovieScene/MatineeToLevelSequence/Binaries/Win64/UE4Editor-MatineeToLevelSequence.dll (API version 3709383).
LogModuleManager: Display: Found up-to-date module file ../../../Engine/Plugins/Online/OnlineSubsystem/Binaries/Win64/UE4Editor-OnlineSubsystem.dll (API version 3709383).
LogModuleManager: Display: Found up-to-date module file ../../../Engine/Plugins/Runtime/AndroidPermission/Binaries/Win64/UE4Editor-AndroidPermission.dll (API version 3709383).
LogModuleManager: Display: Found up-to-date module file ../../../Engine/Plugins/Online/OnlineSubsystemNull/Binaries/Win64/UE4Editor-OnlineSubsystemNull.dll (API version 3709383).
LogModuleManager: Display: Found up-to-date module file ../../../Engine/Plugins/Online/OnlineSubsystemUtils/Binaries/Win64/UE4Editor-OnlineSubsystemUtils.dll (API version 3709383).
LogModuleManager: Display: Found up-to-date module file ../../../Engine/Plugins/Online/OnlineSubsystemUtils/Binaries/Win64/UE4Editor-OnlineBlueprintSupport.dll (API version 3709383).
LogModuleManager: Display: Found up-to-date module file ../../../Engine/Plugins/Runtime/AndroidDeviceProfileSelector/Binaries/Win64/UE4Editor-AndroidDeviceProfileSelector.dll (API version 3709383).
LogModuleManager: Display: Found up-to-date module file ../../../Engine/Plugins/Runtime/AppleARKit/Binaries/Win64/UE4Editor-AppleARKit.dll (API version 3709383).
LogModuleManager: Display: Found up-to-date module file ../../../Engine/Plugins/Runtime/ArchVisCharacter/Binaries/Win64/UE4Editor-ArchVisCharacter.dll (API version 3709383).
LogModuleManager: Display: Found up-to-date module file ../../../Engine/Plugins/Runtime/CableComponent/Binaries/Win64/UE4Editor-CableComponent.dll (API version 3709383).
LogModuleManager: Display: Found up-to-date module file ../../../Engine/Plugins/Runtime/CustomMeshComponent/Binaries/Win64/UE4Editor-CustomMeshComponent.dll (API version 3709383).
LogModuleManager: Display: Found up-to-date module file ../../../Engine/Plugins/Runtime/ExampleDeviceProfileSelector/Binaries/Win64/UE4Editor-ExampleDeviceProfileSelector.dll (API version 3709383).
LogModuleManager: Display: Found up-to-date module file ../../../Engine/Plugins/Runtime/ImmediatePhysics/Binaries/Win64/UE4Editor-ImmediatePhysics.dll (API version 3709383).
LogModuleManager: Display: Found up-to-date module file ../../../Engine/Plugins/Runtime/ImmediatePhysics/Binaries/Win64/UE4Editor-ImmediatePhysicsEditor.dll (API version 3709383).
LogModuleManager: Display: Found up-to-date module file ../../../Engine/Plugins/Runtime/LocationServicesBPLibrary/Binaries/Win64/UE4Editor-LocationServicesBPLibrary.dll (API version 3709383).
LogModuleManager: Display: Found up-to-date module file ../../../Engine/Plugins/Runtime/MobilePatchingUtils/Binaries/Win64/UE4Editor-MobilePatchingUtils.dll (API version 3709383).
LogModuleManager: Display: Found up-to-date module file ../../../Engine/Plugins/Runtime/Oculus/OculusVR/Binaries/Win64/UE4Editor-OculusHMD.dll (API version 3709383).
LogModuleManager: Display: Found up-to-date module file ../../../Engine/Plugins/Runtime/Oculus/OculusVR/Binaries/Win64/UE4Editor-OculusInput.dll (API version 3709383).
LogModuleManager: Display: Found up-to-date module file ../../../Engine/Plugins/Runtime/Oculus/OculusVR/Binaries/Win64/UE4Editor-OculusEditor.dll (API version 3709383).
LogModuleManager: Display: Found up-to-date module file ../../../Engine/Plugins/Runtime/PhysXVehicles/Binaries/Win64/UE4Editor-PhysXVehicles.dll (API version 3709383).
LogModuleManager: Display: Found up-to-date module file ../../../Engine/Plugins/Runtime/PhysXVehicles/Binaries/Win64/UE4Editor-PhysXVehiclesEditor.dll (API version 3709383).
LogModuleManager: Display: Found up-to-date module file ../../../Engine/Plugins/Runtime/ProceduralMeshComponent/Binaries/Win64/UE4Editor-ProceduralMeshComponent.dll (API version 3709383).
LogModuleManager: Display: Found up-to-date module file ../../../Engine/Plugins/Runtime/ProceduralMeshComponent/Binaries/Win64/UE4Editor-ProceduralMeshComponentEditor.dll (API version 3709383).
LogModuleManager: Display: Found up-to-date module file ../../../Engine/Plugins/Runtime/RuntimePhysXCooking/Binaries/Win64/UE4Editor-RuntimePhysXCooking.dll (API version 3709383).
LogModuleManager: Display: Found up-to-date module file ../../../Engine/Plugins/Runtime/Steam/SteamVR/Binaries/Win64/UE4Editor-SteamVR.dll (API version 3709383).
LogModuleManager: Display: Found up-to-date module file ../../../Engine/Plugins/Runtime/Steam/SteamVR/Binaries/Win64/UE4Editor-SteamVRController.dll (API version 3709383).
LogModuleManager: Display: Found up-to-date module file ../../../Engine/Plugins/Runtime/WindowsMoviePlayer/Binaries/Win64/UE4Editor-WindowsMoviePlayer.dll (API version 3709383).
LogPluginManager: Mounting plugin Paper2D
LogPluginManager: Mounting plugin LightPropagationVolume
LogPluginManager: Mounting plugin CodeLiteSourceCodeAccess
LogPluginManager: Mounting plugin GitSourceControl
LogPluginManager: Mounting plugin KDevelopSourceCodeAccess
LogPluginManager: Mounting plugin NullSourceCodeAccess
LogPluginManager: Mounting plugin PerforceSourceControl
LogPluginManager: Mounting plugin SubversionSourceControl
LogPluginManager: Mounting plugin UObjectPlugin
LogPluginManager: Mounting plugin VisualStudioCodeSourceCodeAccess
LogPluginManager: Mounting plugin VisualStudioSourceCodeAccess
LogPluginManager: Mounting plugin XCodeSourceCodeAccess
LogPluginManager: Mounting plugin AssetManagerEditor
LogPluginManager: Mounting plugin AudioCapture
LogPluginManager: Mounting plugin FacialAnimation
LogPluginManager: Mounting plugin GameplayTagsEditor
LogPluginManager: Mounting plugin MobileLauncherProfileWizard
LogPluginManager: Mounting plugin PluginBrowser
LogPluginManager: Mounting plugin SpeedTreeImporter
LogPluginManager: Mounting plugin AlembicImporter
LogPluginManager: Mounting plugin CharacterAI
LogPluginManager: Mounting plugin HTML5Networking
LogPluginManager: Mounting plugin AndroidMedia
LogPluginManager: Mounting plugin AvfMedia
LogPluginManager: Mounting plugin ImgMedia
LogPluginManager: Mounting plugin MediaCompositing
LogPluginManager: Mounting plugin MediaPlayerEditor
LogPluginManager: Mounting plugin WmfMedia
LogPluginManager: Mounting plugin TcpMessaging
LogPluginManager: Mounting plugin UdpMessaging
LogPluginManager: Mounting plugin ActorSequence
LogPluginManager: Mounting plugin LevelSequenceEditor
LogPluginManager: Mounting plugin MatineeToLevelSequence
LogPluginManager: Mounting plugin OnlineSubsystemGooglePlay
LogPluginManager: Mounting plugin OnlineSubsystemIOS
LogPluginManager: Mounting plugin OnlineSubsystem
LogPluginManager: Mounting plugin OnlineSubsystemNull
LogPluginManager: Mounting plugin OnlineSubsystemUtils
LogPluginManager: Mounting plugin AndroidDeviceProfileSelector
LogPluginManager: Mounting plugin AndroidMoviePlayer
LogPluginManager: Mounting plugin AndroidPermission
LogPluginManager: Mounting plugin AppleARKit
LogPluginManager: Mounting plugin AppleMoviePlayer
LogPluginManager: Mounting plugin ArchVisCharacter
LogPluginManager: Mounting plugin CableComponent
LogPluginManager: Mounting plugin CustomMeshComponent
LogPluginManager: Mounting plugin ExampleDeviceProfileSelector
LogPluginManager: Mounting plugin GoogleCloudMessaging
LogPluginManager: Mounting plugin ImmediatePhysics
LogPluginManager: Mounting plugin IOSDeviceProfileSelector
LogPluginManager: Mounting plugin LinuxDeviceProfileSelector
LogPluginManager: Mounting plugin LocationServicesBPLibrary
LogPluginManager: Mounting plugin MobilePatchingUtils
LogPluginManager: Mounting plugin OculusVR
LogPluginManager: Plugin shader directory ../../../Engine/Plugins/Runtime/Oculus/OculusVR/Shaders found
LogPluginManager: Mapping shader source directory ../../../Engine/Plugins/Runtime/Oculus/OculusVR/Shaders to virtual directory /Plugin/OculusVR
LogPluginManager: Mounting plugin PhysXVehicles
LogPluginManager: Mounting plugin ProceduralMeshComponent
LogPluginManager: Mounting plugin RuntimePhysXCooking
LogPluginManager: Mounting plugin SteamVR
LogPluginManager: Mounting plugin WindowsMoviePlayer
LogInit: Using libcurl 7.47.1
LogInit:  - built for x86_64-pc-win32
LogInit:  - supports SSL with OpenSSL/1.0.2g
LogInit:  - supports HTTP deflate (compression) using libz 1.2.8
LogInit:  - other features:
LogInit:      CURL_VERSION_SSL
LogInit:      CURL_VERSION_LIBZ
LogInit:      CURL_VERSION_IPV6
LogInit:      CURL_VERSION_ASYNCHDNS
LogInit:      CURL_VERSION_LARGEFILE
LogInit:      CURL_VERSION_IDN
LogInit:  CurlRequestOptions (configurable via config and command line):
LogInit:  - bVerifyPeer = false  - Libcurl will NOT verify peer certificate
LogInit:  - bUseHttpProxy = false  - Libcurl will NOT use HTTP proxy
LogInit:  - bDontReuseConnections = false  - Libcurl will reuse connections
LogInit:  - CertBundlePath = nullptr  - Libcurl will use whatever was configured at build time.
LogInit: Build: ++UE4+Release-4.18-CL-3794801
LogInit: Engine Version: 4.18.2-3794801+++UE4+Release-4.18
LogInit: Compatible Engine Version: 4.18.0-3709383+++UE4+Release-4.18
LogInit: Net CL: 3709383
LogDevObjectVersion: Number of dev versions registered: 16
LogDevObjectVersion:   Dev-Blueprints (B0D832E4-1F89-4F0D-ACCF-7EB736FD4AA2): 10
LogDevObjectVersion:   Dev-Build (E1C64328-A22C-4D53-A36C-8E866417BD8C): 0
LogDevObjectVersion:   Dev-Core (375EC13C-06E4-48FB-B500-84F0262A717E): 2
LogDevObjectVersion:   Dev-Editor (E4B068ED-F494-42E9-A231-DA0B2E46BB41): 20
LogDevObjectVersion:   Dev-Framework (CFFC743F-43B0-4480-9391-14DF171D2073): 30
LogDevObjectVersion:   Dev-Mobile (B02B49B5-BB20-44E9-A304-32B752E40360): 0
LogDevObjectVersion:   Dev-Networking (A4E4105C-59A1-49B5-A7C5-40C4547EDFEE): 0
LogDevObjectVersion:   Dev-Online (39C831C9-5AE6-47DC-9A44-9C173E1C8E7C): 0
LogDevObjectVersion:   Dev-Physics (78F01B33-EBEA-4F98-B9B4-84EACCB95AA2): 0
LogDevObjectVersion:   Dev-Platform (6631380F-2D4D-43E0-8009-CF276956A95A): 0
LogDevObjectVersion:   Dev-Rendering (12F88B9F-8875-4AFC-A67C-D90C383ABD29): 20
LogDevObjectVersion:   Dev-Sequencer (7B5AE74C-D270-4C10-A958-57980B212A5A): 4
LogDevObjectVersion:   Dev-VR (D7296918-1DD6-4BDD-9DE2-64A83CC13884): 0
LogDevObjectVersion:   Dev-LoadTimes (C2A15278-BFE7-4AFE-6C17-90FF531DF755): 1
LogDevObjectVersion:   Private-Geometry (6EACA3D4-40EC-4CC1-B786-8BED09428FC5): 1
LogDevObjectVersion:   Dev-AnimPhys (29E575DD-E0A3-4627-9D10-D276232CDCEA): 12
LogInit: Compiled (64-bit): Dec  8 2017 02:04:53
LogInit: Compiled with Visual C++: 19.00.24215.01
LogInit: Build Configuration: Development
LogInit: Branch Name: ++UE4+Release-4.18
LogInit: Command line: -EpicPortal 
LogInit: Base directory: C:/Program Files/Epic Games/UE_4.18/Engine/Binaries/Win64/
LogInit: Installed Engine Build: 1
LogInit: Presizing for max 8388607 objects, including 0 objects not considered by GC, pre-allocating 0 bytes for permanent pool.
LogInit: Object subsystem initialized
[2018.02.26-11.25.03:278][  0]LogInit: Selected Device Profile: [Windows]
[2018.02.26-11.25.03:278][  0]LogInit: Applying CVar settings loaded from the selected device profile: [Windows]
[2018.02.26-11.25.03:302][  0]LogInit: Computer: DESKTOP-54LR6J1
[2018.02.26-11.25.03:302][  0]LogInit: User: Анжелика
[2018.02.26-11.25.03:302][  0]LogInit: CPU Page size=4096, Cores=2
[2018.02.26-11.25.03:302][  0]LogInit: High frequency timer resolution =2.143479 MHz
[2018.02.26-11.25.03:303][  0]LogMemory: Memory total: Physical=7.9GB (8GB approx)
[2018.02.26-11.25.03:303][  0]LogMemory: Platform Memory Stats for Windows
[2018.02.26-11.25.03:303][  0]LogMemory: Process Physical Memory: 274.20 MB used, 274.20 MB peak
[2018.02.26-11.25.03:303][  0]LogMemory: Process Virtual Memory: 269.28 MB used, 269.28 MB peak
[2018.02.26-11.25.03:303][  0]LogMemory: Physical Memory: 5216.02 MB used,  2894.91 MB free, 8110.94 MB total
[2018.02.26-11.25.03:303][  0]LogMemory: Virtual Memory: 678.69 MB used,  2894.91 MB free, 134217728.00 MB total
[2018.02.26-11.25.03:594][  0]LogInit: Using OS detected language (ru-RU).
[2018.02.26-11.25.03:594][  0]LogInit: Using OS detected locale (ru-BY).
[2018.02.26-11.25.03:605][  0]LogTextLocalizationManager: No localization for 'ru-RU' exists, so 'en' will be used for the language.
[2018.02.26-11.25.03:606][  0]LogTextLocalizationManager: No localization for 'ru-BY' exists, so 'en' will be used for the locale.
[2018.02.26-11.25.04:464][  0]LogInit: Setting process to per monitor DPI aware
[2018.02.26-11.25.05:071][  0]LogD3D11RHI: D3D11 adapters:
[2018.02.26-11.25.05:137][  0]LogD3D11RHI:    0. 'AMD Radeon(TM) R9 M375' (Feature Level 11_0)
[2018.02.26-11.25.05:137][  0]LogD3D11RHI:       2026/0/4055 MB DedicatedVideo/DedicatedSystem/SharedSystem, Outputs:1, VendorId:0x1002
[2018.02.26-11.25.05:146][  0]LogD3D11RHI:    1. 'Intel(R) HD Graphics 5500' (Feature Level 11_0)
[2018.02.26-11.25.05:146][  0]LogD3D11RHI:       128/0/4055 MB DedicatedVideo/DedicatedSystem/SharedSystem, Outputs:0, VendorId:0x8086
[2018.02.26-11.25.05:150][  0]LogD3D11RHI:    2. 'Microsoft Basic Render Driver' (Feature Level 11_0)
[2018.02.26-11.25.05:150][  0]LogD3D11RHI:       0/0/4055 MB DedicatedVideo/DedicatedSystem/SharedSystem, Outputs:0, VendorId:0x1414
[2018.02.26-11.25.05:150][  0]LogD3D11RHI: Chosen D3D11 Adapter: 0
[2018.02.26-11.25.05:160][  0]LogD3D11RHI: Creating new Direct3DDevice
[2018.02.26-11.25.05:160][  0]LogD3D11RHI:     GPU DeviceId: 0x6820 (for the marketing name, search the web for "GPU Device Id")
[2018.02.26-11.25.05:160][  0]LogWindows: EnumDisplayDevices:
[2018.02.26-11.25.05:161][  0]LogWindows:    0. 'Intel(R) HD Graphics 5500' (P:1 D:1)
[2018.02.26-11.25.05:161][  0]LogWindows:    1. 'Intel(R) HD Graphics 5500' (P:0 D:0)
[2018.02.26-11.25.05:162][  0]LogWindows:    2. 'Intel(R) HD Graphics 5500' (P:0 D:0)
[2018.02.26-11.25.05:162][  0]LogWindows: DebugString: GetVideoDriverDetailsInvalid PrimaryIsNotTheChoosenAdapter GetVideoDriverDetailsInvalid PrimaryIsNotTheChoosenAdapter GetVideoDriverDetailsInvalid PrimaryIsNotTheChoosenAdapter FoundDriverCount:0 
[2018.02.26-11.25.05:162][  0]LogD3D11RHI:     Adapter Name: AMD Radeon(TM) R9 M375
[2018.02.26-11.25.05:162][  0]LogD3D11RHI:   Driver Version: Unknown (internal:Unknown, unified:Unknown)
[2018.02.26-11.25.05:162][  0]LogD3D11RHI:      Driver Date: Unknown
[2018.02.26-11.25.05:162][  0]LogRHI: Texture pool is 1418 MB (70% of 2026 MB)
[2018.02.26-11.25.05:280][  0]LogD3D11RHI: Async texture creation enabled
[2018.02.26-11.25.05:306][  0]LogD3D11RHI: GPU Timing Frequency: 27.000000 (Debug: 2 1)
[2018.02.26-11.25.05:309][  0]LogShaderCompilers: Guid format shader working directory is -20 characters bigger than the processId version (../../../../../../Users/Анжелика/Documents/Unreal Projects/MyProject/Intermediate/Shaders/WorkingDirectory/11752/).
[2018.02.26-11.25.05:309][  0]LogShaderCompilers: Cleaned the shader compiler working directory 'C:/Users/Анжелика/AppData/Local/Temp/UnrealShaderWorkingDir/875919A042A50FEB83A7BC893C52AB1C/'.
[2018.02.26-11.25.05:309][  0]LogShaderCompilers: Display: Using Local Shader Compiler.
[2018.02.26-11.25.07:120][  0]LogTemp: Display: Loaded TP AllDesktopTargetPlatform
[2018.02.26-11.25.07:216][  0]LogTemp: Display: Loaded TP MacClientTargetPlatform
[2018.02.26-11.25.07:310][  0]LogTemp: Display: Loaded TP MacNoEditorTargetPlatform
[2018.02.26-11.25.07:408][  0]LogTemp: Display: Loaded TP MacServerTargetPlatform
[2018.02.26-11.25.07:502][  0]LogTemp: Display: Loaded TP MacTargetPlatform
[2018.02.26-11.25.07:596][  0]LogTemp: Display: Loaded TP WindowsClientTargetPlatform
[2018.02.26-11.25.07:698][  0]LogTemp: Display: Loaded TP WindowsNoEditorTargetPlatform
[2018.02.26-11.25.07:805][  0]LogTemp: Display: Loaded TP WindowsServerTargetPlatform
[2018.02.26-11.25.07:924][  0]LogTemp: Display: Loaded TP WindowsTargetPlatform
[2018.02.26-11.25.08:015][  0]LogTemp: Display: Loaded TP Android_ASTCTargetPlatform
[2018.02.26-11.25.08:112][  0]LogTemp: Display: Loaded TP Android_ATCTargetPlatform
[2018.02.26-11.25.08:209][  0]LogTemp: Display: Loaded TP Android_DXTTargetPlatform
[2018.02.26-11.25.08:302][  0]LogTemp: Display: Loaded TP Android_ETC1TargetPlatform
[2018.02.26-11.25.08:395][  0]LogTemp: Display: Loaded TP Android_ETC2TargetPlatform
[2018.02.26-11.25.08:579][  0]LogTemp: Display: Loaded TP Android_MultiTargetPlatform
[2018.02.26-11.25.08:579][  0]LogTemp: Display: Loaded TP Android_PVRTCTargetPlatform
[2018.02.26-11.25.08:676][  0]LogTemp: Display: Loaded TP AndroidTargetPlatform
[2018.02.26-11.25.08:750][  0]LogTemp: Display: Loaded TP HTML5TargetPlatform
[2018.02.26-11.25.08:934][  0]LogTemp: Display: Loaded TP IOSTargetPlatform
[2018.02.26-11.25.08:984][  0]LogTemp: Display: Loaded TP TVOSTargetPlatform
[2018.02.26-11.25.09:077][  0]LogTemp: Display: Loaded TP LinuxClientTargetPlatform
[2018.02.26-11.25.09:172][  0]LogTemp: Display: Loaded TP LinuxNoEditorTargetPlatform
[2018.02.26-11.25.09:267][  0]LogTemp: Display: Loaded TP LinuxServerTargetPlatform
[2018.02.26-11.25.09:357][  0]LogTemp: Display: Loaded TP LinuxTargetPlatform
[2018.02.26-11.25.09:357][  0]LogTargetPlatformManager: Display: Building Assets For Windows
[2018.02.26-11.25.10:284][  0]LogDerivedDataCache: Display: Max Cache Size: 512 MB
[2018.02.26-11.25.10:428][  0]LogDerivedDataCache: Loaded boot cache 0.14s 78MB C:/Users/Анжелика/AppData/Local/UnrealEngine/4.18/DerivedDataCache/Boot.ddc.
[2018.02.26-11.25.10:428][  0]LogDerivedDataCache: Display: Loaded Boot cache: C:/Users/Анжелика/AppData/Local/UnrealEngine/4.18/DerivedDataCache/Boot.ddc
[2018.02.26-11.25.10:428][  0]LogDerivedDataCache: FDerivedDataBackendGraph:  Pak pak cache file ../../../../../../Users/Анжелика/Documents/Unreal Projects/MyProject/DerivedDataCache/DDC.ddp not found, will not use a pak cache.
[2018.02.26-11.25.10:428][  0]LogDerivedDataCache: Unable to find inner node Pak for hierarchical cache Hierarchy.
[2018.02.26-11.25.10:428][  0]LogDerivedDataCache: FDerivedDataBackendGraph:  CompressedPak pak cache file ../../../../../../Users/Анжелика/Documents/Unreal Projects/MyProject/DerivedDataCache/Compressed.ddp not found, will not use a pak cache.
[2018.02.26-11.25.10:428][  0]LogDerivedDataCache: Unable to find inner node CompressedPak for hierarchical cache Hierarchy.
[2018.02.26-11.25.10:458][  0]LogDerivedDataCache: Display: Pak cache opened for reading ../../../Engine/DerivedDataCache/Compressed.ddp.
[2018.02.26-11.25.10:471][  0]LogDerivedDataCache: Using Local data cache path C:/Users/Анжелика/AppData/Local/UnrealEngine/Common/DerivedDataCache: Writable
[2018.02.26-11.25.10:491][  0]LogMaterial: Verifying Global Shaders for PCD3D_SM5
[2018.02.26-11.25.10:492][  0]LogSlate: Using Freetype 2.6.0
[2018.02.26-11.25.10:493][  0]LogSlate: SlateFontCache - WITH_FREETYPE: 1, WITH_HARFBUZZ: 1
[2018.02.26-11.25.10:493][  0]LogSlate: SlateFontCache - WITH_FREETYPE: 1, WITH_HARFBUZZ: 1
[2018.02.26-11.25.11:166][  0]LogInit: Selected Device Profile: [Windows]
[2018.02.26-11.25.11:786][  0]LogSimplygon: Simplygon DLL not present - disabling.
[2018.02.26-11.25.11:876][  0]LogMeshReduction: Using SimplygonSwarm for distributed automatic mesh merging
[2018.02.26-11.25.11:876][  0]LogMeshReduction: Using QuadricMeshReduction for automatic static mesh reduction
[2018.02.26-11.25.11:876][  0]LogMeshReduction: No automatic skeletal mesh reduction module available
[2018.02.26-11.25.11:876][  0]LogMeshReduction: No automatic mesh merging module available
[2018.02.26-11.25.11:876][  0]LogMeshMerging: No automatic mesh merging module available
[2018.02.26-11.25.11:938][  0]LogNetVersion: MyProject , NetCL: 3709383, EngineNetVer: 2, GameNetVer: 0 (Checksum: 1490074681)
[2018.02.26-11.25.12:241][  0]LogAssetRegistry: FAssetRegistry took 0.0306 seconds to start up
[2018.02.26-11.25.13:216][  0]LogPackageLocalizationCache: Processed 7 localized package path(s) for 1 prioritized culture(s) in 0.055232 seconds
[2018.02.26-11.25.13:226][  0]LogUObjectArray: 35900 objects as part of root set at end of initial load.
[2018.02.26-11.25.13:226][  0]LogUObjectAllocator: 7372024 out of 0 bytes used by permanent object pool.
[2018.02.26-11.25.13:226][  0]LogUObjectArray: CloseDisregardForGC: 0/0 objects in disregard for GC pool
[2018.02.26-11.25.13:340][  0]LogInit: WinSock: version 1.1 (2.2), MaxSocks=32767, MaxUdp=65467
[2018.02.26-11.25.18:654][  0]LogTcpMessaging: Initializing TcpMessaging bridge
[2018.02.26-11.25.18:724][  0]LogUdpMessaging: Initializing bridge on interface 0.0.0.0:0 to multicast group 230.0.0.1:6666.
[2018.02.26-11.25.20:054][  0]LogMaterial: Uniform references updated for custom material expression Custom.
[2018.02.26-11.25.20:877][  0]SourceControl: Source control is disabled
[2018.02.26-11.25.20:878][  0]SourceControl: Source control is disabled
[2018.02.26-11.25.20:999][  0]SourceControl: Source control is disabled
[2018.02.26-11.25.21:097][  0]SourceControl: Source control is disabled
[2018.02.26-11.25.22:691][  0]LogAndroidPermission: UAndroidPermissionCallbackProxy::GetInstance
[2018.02.26-11.25.23:246][  0]LogOcInput: OculusInput pre-init called
[2018.02.26-11.25.23:785][  0]LogEngine: Initializing Engine...
[2018.02.26-11.25.23:789][  0]LogHMD: Failed to initialize OpenVR with code 110
[2018.02.26-11.25.24:273][  0]LogStats: UGameplayTagsManager::ConstructGameplayTagTree: Construct from data asset -  0.000 s
[2018.02.26-11.25.24:273][  0]LogStats: UGameplayTagsManager::ConstructGameplayTagTree: GameplayTagTreeChangedEvent.Broadcast -  0.000 s
[2018.02.26-11.25.24:526][  0]LogAIModule: Creating AISystem for world Untitled
[2018.02.26-11.25.24:538][  0]LogInit: XAudio2 using 'Динамики (Realtek High Definition Audio)' : 2 channels at 48 kHz using 32 bits per sample (channel mask 0x3)
[2018.02.26-11.25.24:572][  0]LogInit: FAudioDevice initialized.
[2018.02.26-11.25.24:800][  0]LogDerivedDataCache: Saved boot cache 0.23s 78MB C:/Users/Анжелика/AppData/Local/UnrealEngine/4.18/DerivedDataCache/Boot.ddc.
[2018.02.26-11.25.24:844][  0]LogInit: Texture streaming: Enabled
[2018.02.26-11.25.25:082][  0]LogEngineSessionManager: EngineSessionManager initialized
[2018.02.26-11.25.25:321][  0]LogInit: Transaction tracking system initialized
[2018.02.26-11.25.25:963][  0]BlueprintLog: New page: Editor Load
[2018.02.26-11.25.27:712][  0]LocalizationService: Localization service is disabled
[2018.02.26-11.25.28:746][  0]LogLinker: Warning: Can't find file '/Game/ThirdPersonBP/ThirdPersonOverview'
[2018.02.26-11.25.28:746][  0]LogLinker: Warning: Can't find file '/Game/ThirdPersonBP/ThirdPersonOverview'
[2018.02.26-11.25.28:746][  0]LogUObjectGlobals: Warning: Failed to find object 'Class /Game/ThirdPersonBP/ThirdPersonOverview.ThirdPersonOverview_C'
[2018.02.26-11.25.29:182][  0]LogConsoleResponse: Display: 
[2018.02.26-11.25.29:529][  0]LogCook: Display: Max memory allowance for cook 16384mb min free memory 0mb
[2018.02.26-11.25.29:529][  0]LogCook: Display: Mobile HDR setting 1
[2018.02.26-11.25.29:529][  0]LogGameplayTags: Display: UGameplayTagsManager::DoneAddingNativeTags. DelegateIsBound: 0
[2018.02.26-11.25.29:881][  0]LogFileCache: Scanning file cache for directory 'C:/Users/Анжелика/Documents/Unreal Projects/MyProject/Content/' took 0.01s
[2018.02.26-11.25.32:021][  0]SourceControl: Source control is disabled
[2018.02.26-11.25.32:022][  0]Cmd: MAP LOAD FILE="../../../../../../Users/Анжелика/Documents/Unreal Projects/MyProject/Content/StarterContent/Maps/Minimal_Default.umap" TEMPLATE=0 SHOWPROGRESS=1 FEATURELEVEL=3
[2018.02.26-11.25.32:022][  0]LogEditorServer: Warning: Can't find file '../../../../../../Users/Анжелика/Documents/Unreal Projects/MyProject/Content/StarterContent/Maps/Minimal_Default.umap'
[2018.02.26-11.25.32:022][  0]Cmd: MAP CHECKDEP NOCLEARLOG
[2018.02.26-11.25.32:105][  0]MapCheck: Map check complete: 0 Error(s), 0 Warning(s), took 83.361ms to complete.
[2018.02.26-11.25.32:105][  0]LogFileHelpers: Loading map 'Minimal_Default' took 0.084
[2018.02.26-11.25.32:241][  0]LogWindowsTextInputMethodSystem: Display: IME system now deactivated.
[2018.02.26-11.25.32:406][  0]LogCollectionManager: Loaded 0 collections in 0.004603 seconds
[2018.02.26-11.25.32:546][  0]LogFileCache: Scanning file cache for directory 'C:/Users/Анжелика/Documents/Unreal Projects/MyProject/Saved/Collections/' took 0.01s
[2018.02.26-11.25.32:546][  0]LogFileCache: Scanning file cache for directory 'C:/Users/Анжелика/Documents/Unreal Projects/MyProject/Content/Developers/Анжелика/Collections/' took 0.01s
[2018.02.26-11.25.32:546][  0]LogFileCache: Scanning file cache for directory 'C:/Users/Анжелика/Documents/Unreal Projects/MyProject/Content/Collections/' took 0.01s
[2018.02.26-11.25.32:546][  0]LogCollectionManager: Rebuilt the GUID cache for 0 collections in 0.000000 seconds
[2018.02.26-11.25.32:561][  0]LogContentBrowser: Native class hierarchy populated in 0.0146 seconds. Added 2363 classes and 519 folders.
[2018.02.26-11.25.32:694][  0]LogContentBrowser: Native class hierarchy updated for 'WidgetCarousel' in 0.0004 seconds. Added 0 classes and 0 folders.
[2018.02.26-11.25.32:771][  0]LogContentBrowser: Native class hierarchy updated for 'AddContentDialog' in 0.0003 seconds. Added 0 classes and 0 folders.
[2018.02.26-11.25.32:853][  0]LogContentBrowser: Native class hierarchy updated for 'SceneOutliner' in 0.0006 seconds. Added 1 classes and 2 folders.
[2018.02.26-11.25.32:988][  0]LogSlate: Took 0.000439 seconds to synchronously load lazily loaded font '../../../Engine/Content/Slate/Fonts/Roboto-Regular.ttf' (155K)
[2018.02.26-11.25.32:992][  0]LogSlate: Took 0.000418 seconds to synchronously load lazily loaded font '../../../Engine/Content/Slate/Fonts/Roboto-Bold.ttf' (160K)
[2018.02.26-11.25.33:002][  0]LogSlate: Took 0.000285 seconds to synchronously load lazily loaded font '../../../Engine/Content/Editor/Slate/Fonts/FontAwesome.ttf' (139K)
[2018.02.26-11.25.33:192][  0]LogRenderer: Reallocating scene render targets to support 964x472 Format 10 NumSamples 1 (Frame:1).
[2018.02.26-11.25.34:185][  0]LogContentBrowser: Native class hierarchy updated for 'HierarchicalLODOutliner' in 0.0003 seconds. Added 1 classes and 2 folders.
[2018.02.26-11.25.34:185][  0]LogLoad: (Engine Initialization) Total time: 36.16 seconds
[2018.02.26-11.25.34:185][  0]LogLoad: (Engine Initialization) Total Blueprint compile time: 0.00 seconds
[2018.02.26-11.25.34:185][  0]LogExternalProfiler: No external profilers were discovered.  External profiling features will not be available.
[2018.02.26-11.25.34:221][  0]LogContentStreaming: Texture pool size now 1000 MB
[2018.02.26-11.25.34:279][  1]LogAssetRegistry: Asset discovery search completed in 22.0607 seconds
[2018.02.26-11.25.34:282][  1]LogCollectionManager: Rebuilt the object cache for 0 collections in 0.000000 seconds (found 0 objects)
[2018.02.26-11.25.34:282][  1]LogCollectionManager: Fixed up redirectors for 0 collections in 0.000077 seconds (updated 0 objects)
[2018.02.26-11.25.38:251][220]LogSlate: Took 0.000436 seconds to synchronously load lazily loaded font '../../../Engine/Content/Slate/Fonts/Roboto-Light.ttf' (159K)
[2018.02.26-11.25.41:576][406]LogSlate: Took 0.000290 seconds to synchronously load lazily loaded font '../../../Engine/Content/Slate/Fonts/Roboto-Light.ttf' (159K)
[2018.02.26-11.26.34:262][622]LogHttp: Warning: 000002A7598CDA80: request failed, libcurl error: 6 (Couldn't resolve host name)
[2018.02.26-11.26.34:263][622]LogHttp: Warning: 000002A7598CDA80: libcurl info message cache 0 (Could not resolve host: datarouter.ol.epicgames.com)
[2018.02.26-11.26.34:263][622]LogHttp: Warning: 000002A7598CDA80: libcurl info message cache 1 (Closing connection 0)
[2018.02.26-11.28.34:782][ 62]LogHttp: Warning: 000002A74B88F400: request failed, libcurl error: 6 (Couldn't resolve host name)
[2018.02.26-11.28.34:782][ 62]LogHttp: Warning: 000002A74B88F400: libcurl info message cache 0 (Could not resolve host: datarouter.ol.epicgames.com)
[2018.02.26-11.28.34:782][ 62]LogHttp: Warning: 000002A74B88F400: libcurl info message cache 1 (Closing connection 1)
[2018.02.26-11.29.38:744][324]LogContentBrowser: Native class hierarchy updated for 'BlueprintGraph' in 0.0009 seconds. Added 116 classes and 0 folders.
[2018.02.26-11.29.39:660][324]LogSlate: Took 0.000271 seconds to synchronously load lazily loaded font '../../../Engine/Content/Slate/Fonts/Roboto-Regular.ttf' (155K)
[2018.02.26-11.29.42:461][401]LogRenderer: Reallocating scene render targets to support 964x688 Format 10 NumSamples 1 (Frame:75).
[2018.02.26-11.29.46:740][514]LogSlate: Warning: Prevented a slow task dialog from being summoned while a context menu was open
[2018.02.26-11.29.58:005][941]LogSlate: Warning: Prevented a slow task dialog from being summoned while a context menu was open
[2018.02.26-11.30.23:786][162]LogSlate: Warning: Prevented a slow task dialog from being summoned while a context menu was open
[2018.02.26-11.30.35:346][366]LogHttp: Warning: 000002A760F53B80: request failed, libcurl error: 6 (Couldn't resolve host name)
[2018.02.26-11.30.35:346][366]LogHttp: Warning: 000002A760F53B80: libcurl info message cache 0 (Could not resolve host: datarouter.ol.epicgames.com)
[2018.02.26-11.30.35:346][366]LogHttp: Warning: 000002A760F53B80: libcurl info message cache 1 (Closing connection 2)
[2018.02.26-11.31.12:764][503]BlueprintLog: New page: Compile BP_GameMode
[2018.02.26-11.31.13:781][521]Cmd: OBJ SAVEPACKAGE PACKAGE="/Game/Blueprients/Game/BP_GameMode" FILE="../../../../../../Users/Анжелика/Documents/Unreal Projects/MyProject/Content/Blueprients/Game/BP_GameMode.uasset" SILENT=true
[2018.02.26-11.31.13:820][521]LogSavePackage: Save=30.66ms
[2018.02.26-11.31.13:821][521]LogSavePackage: Moving '../../../../../../Users/Анжелика/Documents/Unreal Projects/MyProject/Saved/BP_GameModeCBBE3B5C4F3F883647F069B45F9E000D.tmp' to '../../../../../../Users/Анжелика/Documents/Unreal Projects/MyProject/Content/Blueprients/Game/BP_GameMode.uasset'
[2018.02.26-11.31.13:826][521]LogSavePackage: Display: Finished SavePackage ../../../../../../Users/Анжелика/Documents/Unreal Projects/MyProject/Content/Blueprients/Game/BP_GameMode.uasset
[2018.02.26-11.31.55:293][205]LogSlate: Only BGRA pngs, bmps or icos are supported in by External Image Picker
[2018.02.26-11.31.55:875][214]LogTemp: Executing iPhonePackager certificates Engine -bundlename com.YourCompany.MyProject
[2018.02.26-11.31.55:875][214]LogTemp: CWD: C:\Program Files\Epic Games\UE_4.18\Engine\Binaries\DotNET\IOS
[2018.02.26-11.31.55:876][214]LogTemp: Initial Dir: C:\Program Files\Epic Games\UE_4.18
[2018.02.26-11.31.55:876][214]LogTemp: Env CWD: C:\Program Files\Epic Games\UE_4.18\Engine\Binaries\DotNET\IOS
[2018.02.26-11.31.55:894][215]LogTemp: BranchPath = DESKTOP-54LR6J1/C/Program Files/Epic Games/UE_4.18/Engine/Binaries --- GameBranchPath = DESKTOP-54LR6J1/C/Program Files/Epic Games/UE_4.18/Engine/Binaries
[2018.02.26-11.31.56:052][221]LogTemp: IPP ERROR: Could not find provision directory 'C:\Users\????????\AppData\Local/Apple Computer/MobileDevice/Provisioning Profiles/'.
[2018.02.26-11.32.02:380][553]LogSlate: Took 0.000329 seconds to synchronously load lazily loaded font '../../../Engine/Content/Slate/Fonts/Roboto-Light.ttf' (159K)
[2018.02.26-11.32.18:278][960]LogSlate: Warning: Prevented a slow task dialog from being summoned while a context menu was open
[2018.02.26-11.32.35:810][215]LogHttp: Warning: 000002A75BAA6080: request failed, libcurl error: 6 (Couldn't resolve host name)
[2018.02.26-11.32.35:810][215]LogHttp: Warning: 000002A75BAA6080: libcurl info message cache 0 (Could not resolve host: datarouter.ol.epicgames.com)
[2018.02.26-11.32.35:810][215]LogHttp: Warning: 000002A75BAA6080: libcurl info message cache 1 (Closing connection 3)
[2018.02.26-11.33.14:471][ 73]LogSlate: Warning: Prevented a slow task dialog from being summoned while a context menu was open
[2018.02.26-11.34.35:863][ 21]LogHttp: Warning: 000002A7337AAE00: request failed, libcurl error: 6 (Couldn't resolve host name)
[2018.02.26-11.34.35:863][ 21]LogHttp: Warning: 000002A7337AAE00: libcurl info message cache 0 (Could not resolve host: datarouter.ol.epicgames.com)
[2018.02.26-11.34.35:863][ 21]LogHttp: Warning: 000002A7337AAE00: libcurl info message cache 1 (Closing connection 4)
[2018.02.26-11.35.51:196][792]LogSlate: Warning: Prevented a slow task dialog from being summoned while a context menu was open
[2018.02.26-11.36.00:107][127]BlueprintLog: New page: Compile BP_GameMode
[2018.02.26-11.36.01:023][148]Cmd: OBJ SAVEPACKAGE PACKAGE="/Game/Blueprients/Game/BP_GameMode" FILE="../../../../../../Users/Анжелика/Documents/Unreal Projects/MyProject/Content/Blueprients/Game/BP_GameMode.uasset" SILENT=true
[2018.02.26-11.36.01:056][148]LogSavePackage: Save=18.89ms
[2018.02.26-11.36.01:056][148]LogSavePackage: Moving '../../../../../../Users/Анжелика/Documents/Unreal Projects/MyProject/Saved/BP_GameModeC6C6EA61480F71489CFA2D8D8D4AAC8C.tmp' to '../../../../../../Users/Анжелика/Documents/Unreal Projects/MyProject/Content/Blueprients/Game/BP_GameMode.uasset'
[2018.02.26-11.36.01:065][148]LogSavePackage: Display: Finished SavePackage ../../../../../../Users/Анжелика/Documents/Unreal Projects/MyProject/Content/Blueprients/Game/BP_GameMode.uasset
[2018.02.26-11.36.25:672][872]LogSlate: Took 0.000575 seconds to synchronously load lazily loaded font '../../../Engine/Content/Editor/Slate/Fonts/Roboto-Italic.ttf' (157K)
[2018.02.26-11.36.35:909][263]LogHttp: Warning: 000002A7751E6800: request failed, libcurl error: 6 (Couldn't resolve host name)
[2018.02.26-11.36.35:909][263]LogHttp: Warning: 000002A7751E6800: libcurl info message cache 0 (Could not resolve host: datarouter.ol.epicgames.com)
[2018.02.26-11.36.35:909][263]LogHttp: Warning: 000002A7751E6800: libcurl info message cache 1 (Closing connection 5)
[2018.02.26-11.37.00:945][512]BlueprintLog: New page: Compile BP_PlayerCharacter
[2018.02.26-11.37.02:128][529]LogSavePackage: Save=37.91ms
[2018.02.26-11.37.02:128][529]LogSavePackage: Moving '../../../../../../Users/Анжелика/Documents/Unreal Projects/MyProject/Saved/BP_PlayerCharacter0FAB4B234D2F80637FDE7D96D076585A.tmp' to '../../../../../../Users/Анжелика/Documents/Unreal Projects/MyProject/Content/Blueprients/Player/BP_PlayerCharacter.uasset'
[2018.02.26-11.37.02:134][529]LogSavePackage: Display: Finished SavePackage ../../../../../../Users/Анжелика/Documents/Unreal Projects/MyProject/Content/Blueprients/Player/BP_PlayerCharacter.uasset
[2018.02.26-11.37.27:826][633]LogFileHelpers: Editor autosave (incl. sublevels) for '/Temp/Untitled_0' took 0.052
[2018.02.26-11.37.27:857][633]OBJ SavePackage: Generating thumbnails for [0] asset(s) in package [/Game/Blueprients/Player/BP_PlayerController] ([1] browsable assets)...
[2018.02.26-11.37.27:857][633]OBJ SavePackage: Finished generating thumbnails for package [/Game/Blueprients/Player/BP_PlayerController]
[2018.02.26-11.37.27:895][633]LogSavePackage: Save=33.14ms
[2018.02.26-11.37.27:895][633]LogSavePackage: Moving '../../../../../../Users/Анжелика/Documents/Unreal Projects/MyProject/Saved/BP_PlayerController_Auto18150063D4957F960C0167CBDAA3E12B1.tmp' to '../../../../../../Users/Анжелика/Documents/Unreal Projects/MyProject/Saved/Autosaves/Game/Blueprients/Player/BP_PlayerController_Auto1.uasset'
[2018.02.26-11.37.27:898][633]LogSavePackage: Display: Finished SavePackage ../../../../../../Users/Анжелика/Documents/Unreal Projects/MyProject/Saved/Autosaves/Game/Blueprients/Player/BP_PlayerController_Auto1.uasset
[2018.02.26-11.37.27:898][633]LogFileHelpers: Auto-saving content packages took 0.071
[2018.02.26-11.38.07:730][938]BlueprintLog: New page: Compile BP_PlayerCharacter
[2018.02.26-11.38.09:110][962]LogSavePackage: Save=26.12ms
[2018.02.26-11.38.09:110][962]LogSavePackage: Moving '../../../../../../Users/Анжелика/Documents/Unreal Projects/MyProject/Saved/BP_PlayerCharacter8712F82F424B2C906B9257A85BCC6A80.tmp' to '../../../../../../Users/Анжелика/Documents/Unreal Projects/MyProject/Content/Blueprients/Player/BP_PlayerCharacter.uasset'
[2018.02.26-11.38.09:119][962]LogSavePackage: Display: Finished SavePackage ../../../../../../Users/Анжелика/Documents/Unreal Projects/MyProject/Content/Blueprients/Player/BP_PlayerCharacter.uasset
[2018.02.26-11.38.36:395][ 66]LogHttp: Warning: 000002A77F432F80: request failed, libcurl error: 6 (Couldn't resolve host name)
[2018.02.26-11.38.36:395][ 66]LogHttp: Warning: 000002A77F432F80: libcurl info message cache 0 (Could not resolve host: datarouter.ol.epicgames.com)
[2018.02.26-11.38.36:395][ 66]LogHttp: Warning: 000002A77F432F80: libcurl info message cache 1 (Closing connection 6)
[2018.02.26-11.39.18:745][397]LogSlate: Took 0.037030 seconds to synchronously load lazily loaded font '../../../Engine/Content/Editor/Slate/Fonts/Roboto-BoldCondensed.ttf' (158K)
[2018.02.26-11.40.15:898][869]LogActorComponent: UnregisterComponent: (/Engine/Transient.EditorFloorComp) Not registered. Aborting.
[2018.02.26-11.40.36:924][334]LogHttp: Warning: 000002A75B23EC80: request failed, libcurl error: 6 (Couldn't resolve host name)
[2018.02.26-11.40.36:927][334]LogHttp: Warning: 000002A75B23EC80: libcurl info message cache 0 (Could not resolve host: datarouter.ol.epicgames.com)
[2018.02.26-11.40.36:927][334]LogHttp: Warning: 000002A75B23EC80: libcurl info message cache 1 (Closing connection 7)
[2018.02.26-14.11.38:634][839]LogD3D11RHI: Timed out while waiting for GPU to catch up. (500 ms)
[2018.02.26-14.11.43:397][844]LogHttp: Warning: 000002A725DB3B80: request failed, libcurl error: 6 (Couldn't resolve host name)
[2018.02.26-14.11.43:397][844]LogHttp: Warning: 000002A725DB3B80: libcurl info message cache 0 (Could not resolve host: datarouter.ol.epicgames.com)
[2018.02.26-14.11.43:397][844]LogHttp: Warning: 000002A725DB3B80: libcurl info message cache 1 (Closing connection 8)
[2018.02.26-14.11.48:820][860]LogFileHelpers: Editor autosave (incl. sublevels) for '/Temp/Untitled_0' took 0.035
[2018.02.26-14.11.48:822][860]OBJ SavePackage: Generating thumbnails for [0] asset(s) in package [/Game/Blueprients/Player/BP_PlayerCharacter] ([1] browsable assets)...
[2018.02.26-14.11.48:822][860]OBJ SavePackage: Finished generating thumbnails for package [/Game/Blueprients/Player/BP_PlayerCharacter]
[2018.02.26-14.11.48:858][860]LogSavePackage: Save=23.43ms
[2018.02.26-14.11.48:858][860]LogSavePackage: Moving '../../../../../../Users/Анжелика/Documents/Unreal Projects/MyProject/Saved/BP_PlayerCharacter_Auto28EB3171445766224EF3AE7B5A287B27B.tmp' to '../../../../../../Users/Анжелика/Documents/Unreal Projects/MyProject/Saved/Autosaves/Game/Blueprients/Player/BP_PlayerCharacter_Auto2.uasset'
[2018.02.26-14.11.48:860][860]LogSavePackage: Display: Finished SavePackage ../../../../../../Users/Анжелика/Documents/Unreal Projects/MyProject/Saved/Autosaves/Game/Blueprients/Player/BP_PlayerCharacter_Auto2.uasset
[2018.02.26-14.11.48:861][860]LogFileHelpers: Auto-saving content packages took 0.040
[2018.02.26-14.13.43:758][206]LogHttp: Warning: 000002A725F20580: request failed, libcurl error: 6 (Couldn't resolve host name)
[2018.02.26-14.13.43:758][206]LogHttp: Warning: 000002A725F20580: libcurl info message cache 0 (Could not resolve host: datarouter.ol.epicgames.com)
[2018.02.26-14.13.43:758][206]LogHttp: Warning: 000002A725F20580: libcurl info message cache 1 (Closing connection 9)
[2018.02.26-14.15.44:093][567]LogHttp: Warning: 000002A75AD5B100: request failed, libcurl error: 6 (Couldn't resolve host name)
[2018.02.26-14.15.44:093][567]LogHttp: Warning: 000002A75AD5B100: libcurl info message cache 0 (Could not resolve host: datarouter.ol.epicgames.com)
[2018.02.26-14.15.44:093][567]LogHttp: Warning: 000002A75AD5B100: libcurl info message cache 1 (Closing connection 10)
[2018.02.26-14.17.44:427][928]LogHttp: Warning: 000002A76E7B6E00: request failed, libcurl error: 6 (Couldn't resolve host name)
[2018.02.26-14.17.44:427][928]LogHttp: Warning: 000002A76E7B6E00: libcurl info message cache 0 (Could not resolve host: datarouter.ol.epicgames.com)
[2018.02.26-14.17.44:427][928]LogHttp: Warning: 000002A76E7B6E00: libcurl info message cache 1 (Closing connection 11)
[2018.02.26-14.19.44:761][289]LogHttp: Warning: 000002A73B4A3A00: request failed, libcurl error: 6 (Couldn't resolve host name)
[2018.02.26-14.19.44:761][289]LogHttp: Warning: 000002A73B4A3A00: libcurl info message cache 0 (Could not resolve host: datarouter.ol.epicgames.com)
[2018.02.26-14.19.44:762][289]LogHttp: Warning: 000002A73B4A3A00: libcurl info message cache 1 (Closing connection 12)
[2018.02.26-14.21.45:096][650]LogHttp: Warning: 000002A78470FB80: request failed, libcurl error: 6 (Couldn't resolve host name)
[2018.02.26-14.21.45:096][650]LogHttp: Warning: 000002A78470FB80: libcurl info message cache 0 (Could not resolve host: datarouter.ol.epicgames.com)
[2018.02.26-14.21.45:096][650]LogHttp: Warning: 000002A78470FB80: libcurl info message cache 1 (Closing connection 13)
[2018.02.26-14.23.45:479][454]LogHttp: Warning: 000002A77F431C00: request failed, libcurl error: 6 (Couldn't resolve host name)
[2018.02.26-14.23.45:479][454]LogHttp: Warning: 000002A77F431C00: libcurl info message cache 0 (Could not resolve host: datarouter.ol.epicgames.com)
[2018.02.26-14.23.45:479][454]LogHttp: Warning: 000002A77F431C00: libcurl info message cache 1 (Closing connection 14)
[2018.02.26-14.25.45:815][815]LogHttp: Warning: 000002A75AD80580: request failed, libcurl error: 6 (Couldn't resolve host name)
[2018.02.26-14.25.45:815][815]LogHttp: Warning: 000002A75AD80580: libcurl info message cache 0 (Could not resolve host: datarouter.ol.epicgames.com)
[2018.02.26-14.25.45:815][815]LogHttp: Warning: 000002A75AD80580: libcurl info message cache 1 (Closing connection 15)
[2018.02.26-14.27.46:269][176]LogHttp: Warning: 000002A75AD80100: request failed, libcurl error: 6 (Couldn't resolve host name)
[2018.02.26-14.27.46:269][176]LogHttp: Warning: 000002A75AD80100: libcurl info message cache 0 (Could not resolve host: datarouter.ol.epicgames.com)
[2018.02.26-14.27.46:269][176]LogHttp: Warning: 000002A75AD80100: libcurl info message cache 1 (Closing connection 16)
[2018.02.26-14.29.46:665][537]LogHttp: Warning: 000002A75AD81C00: request failed, libcurl error: 6 (Couldn't resolve host name)
[2018.02.26-14.29.46:665][537]LogHttp: Warning: 000002A75AD81C00: libcurl info message cache 0 (Could not resolve host: datarouter.ol.epicgames.com)
[2018.02.26-14.29.46:665][537]LogHttp: Warning: 000002A75AD81C00: libcurl info message cache 1 (Closing connection 17)
[2018.02.26-14.31.47:029][898]LogHttp: Warning: 000002A75AD82200: request failed, libcurl error: 6 (Couldn't resolve host name)
[2018.02.26-14.31.47:029][898]LogHttp: Warning: 000002A75AD82200: libcurl info message cache 0 (Could not resolve host: datarouter.ol.epicgames.com)
[2018.02.26-14.31.47:029][898]LogHttp: Warning: 000002A75AD82200: libcurl info message cache 1 (Closing connection 18)
[2018.02.26-14.33.47:379][259]LogHttp: Warning: 000002A75AD82680: request failed, libcurl error: 6 (Couldn't resolve host name)
[2018.02.26-14.33.47:379][259]LogHttp: Warning: 000002A75AD82680: libcurl info message cache 0 (Could not resolve host: datarouter.ol.epicgames.com)
[2018.02.26-14.33.47:379][259]LogHttp: Warning: 000002A75AD82680: libcurl info message cache 1 (Closing connection 19)
[2018.02.26-14.35.47:795][620]LogHttp: Warning: 000002A75AD82980: request failed, libcurl error: 6 (Couldn't resolve host name)
[2018.02.26-14.35.47:795][620]LogHttp: Warning: 000002A75AD82980: libcurl info message cache 0 (Could not resolve host: datarouter.ol.epicgames.com)
[2018.02.26-14.35.47:796][620]LogHttp: Warning: 000002A75AD82980: libcurl info message cache 1 (Closing connection 20)
[2018.02.26-14.37.48:148][981]LogHttp: Warning: 000002A75AD81C00: request failed, libcurl error: 6 (Couldn't resolve host name)
[2018.02.26-14.37.48:148][981]LogHttp: Warning: 000002A75AD81C00: libcurl info message cache 0 (Could not resolve host: datarouter.ol.epicgames.com)
[2018.02.26-14.37.48:148][981]LogHttp: Warning: 000002A75AD81C00: libcurl info message cache 1 (Closing connection 21)
[2018.02.26-14.39.48:548][342]LogHttp: Warning: 000002A75AD82200: request failed, libcurl error: 6 (Couldn't resolve host name)
[2018.02.26-14.39.48:548][342]LogHttp: Warning: 000002A75AD82200: libcurl info message cache 0 (Could not resolve host: datarouter.ol.epicgames.com)
[2018.02.26-14.39.48:548][342]LogHttp: Warning: 000002A75AD82200: libcurl info message cache 1 (Closing connection 22)
[2018.02.26-14.41.48:940][703]LogHttp: Warning: 000002A75AD82C80: request failed, libcurl error: 6 (Couldn't resolve host name)
[2018.02.26-14.41.48:940][703]LogHttp: Warning: 000002A75AD82C80: libcurl info message cache 0 (Could not resolve host: datarouter.ol.epicgames.com)
[2018.02.26-14.41.48:941][703]LogHttp: Warning: 000002A75AD82C80: libcurl info message cache 1 (Closing connection 23)
[2018.02.26-14.43.49:301][ 64]LogHttp: Warning: 000002A75AD82200: request failed, libcurl error: 6 (Couldn't resolve host name)
[2018.02.26-14.43.49:301][ 64]LogHttp: Warning: 000002A75AD82200: libcurl info message cache 0 (Could not resolve host: datarouter.ol.epicgames.com)
[2018.02.26-14.43.49:301][ 64]LogHttp: Warning: 000002A75AD82200: libcurl info message cache 1 (Closing connection 24)
[2018.02.26-14.45.49:667][425]LogHttp: Warning: 000002A75AD80580: request failed, libcurl error: 6 (Couldn't resolve host name)
[2018.02.26-14.45.49:667][425]LogHttp: Warning: 000002A75AD80580: libcurl info message cache 0 (Could not resolve host: datarouter.ol.epicgames.com)
[2018.02.26-14.45.49:668][425]LogHttp: Warning: 000002A75AD80580: libcurl info message cache 1 (Closing connection 25)
[2018.02.26-14.47.50:023][786]LogHttp: Warning: 000002A75AD82200: request failed, libcurl error: 6 (Couldn't resolve host name)
[2018.02.26-14.47.50:023][786]LogHttp: Warning: 000002A75AD82200: libcurl info message cache 0 (Could not resolve host: datarouter.ol.epicgames.com)
[2018.02.26-14.47.50:023][786]LogHttp: Warning: 000002A75AD82200: libcurl info message cache 1 (Closing connection 26)
[2018.02.26-14.49.50:416][147]LogHttp: Warning: 000002A75AD80280: request failed, libcurl error: 6 (Couldn't resolve host name)
[2018.02.26-14.49.50:416][147]LogHttp: Warning: 000002A75AD80280: libcurl info message cache 0 (Could not resolve host: datarouter.ol.epicgames.com)
[2018.02.26-14.49.50:416][147]LogHttp: Warning: 000002A75AD80280: libcurl info message cache 1 (Closing connection 27)
[2018.02.26-14.51.50:856][641]LogHttp: Warning: 000002A75AD82E00: request failed, libcurl error: 6 (Couldn't resolve host name)
[2018.02.26-14.51.50:856][641]LogHttp: Warning: 000002A75AD82E00: libcurl info message cache 0 (Could not resolve host: datarouter.ol.epicgames.com)
[2018.02.26-14.51.50:856][641]LogHttp: Warning: 000002A75AD82E00: libcurl info message cache 1 (Closing connection 28)
[2018.02.26-15.47.59:515][646]LogD3D11RHI: Timed out while waiting for GPU to catch up. (500 ms)
[2018.02.26-15.47.59:909][646]LogHttp: Warning: 000002A75AD82E00: request failed, libcurl error: 6 (Couldn't resolve host name)
[2018.02.26-15.47.59:909][646]LogHttp: Warning: 000002A75AD82E00: libcurl info message cache 0 (Could not resolve host: datarouter.ol.epicgames.com)
[2018.02.26-15.47.59:909][646]LogHttp: Warning: 000002A75AD82E00: libcurl info message cache 1 (Closing connection 29)
[2018.02.26-16.23.04:830][952]LogWindowsTextInputMethodSystem: Display: IME system now deactivated.
[2018.02.26-16.23.04:831][952]LogWindowsTextInputMethodSystem: Display: IME system now deactivated.
[2018.02.27-06.19.12:164][134]LogD3D11RHI: Timed out while waiting for GPU to catch up. (500 ms)
[2018.02.27-06.19.13:014][134]LogHttp: Warning: 000002A75AD82980: request failed, libcurl error: 0 (No error)
[2018.02.27-06.19.13:477][134]LogHttp: Warning: 000002A75AD82980: libcurl info message cache 0 (Found bundle for host datarouter.ol.epicgames.com: 0x2a73b52bfb8 [can pipeline])
[2018.02.27-06.19.13:723][134]LogHttp: Warning: 000002A75AD82980: libcurl info message cache 1 (Re-using existing connection! (#117) with host datarouter.ol.epicgames.com)
[2018.02.27-06.19.13:723][134]LogHttp: Warning: 000002A75AD82980: libcurl info message cache 2 (Connected to datarouter.ol.epicgames.com (52.45.10.146) port 443 (#117))
[2018.02.27-06.19.13:723][134]LogHttp: Warning: 000002A75AD82980: libcurl info message cache 3 (upload completely sent off: 356 out of 356 bytes)
[2018.02.27-06.19.13:746][134]LogHttp: Warning: 000002A75AD82980: libcurl info message cache 4 (Closing connection 117)
[2018.02.27-06.19.13:747][134]LogHttp: Warning: 000002A75AD82980: libcurl info message cache 5 (TLSv1.2 (OUT), TLS alert, Client hello (1):)
[2018.02.27-07.42.36:683][773]LogHttp: Warning: 000002A75AD80100: request failed, libcurl error: 0 (No error)
[2018.02.27-07.42.36:685][773]LogHttp: Warning: 000002A75AD80100: libcurl info message cache 0 (Found bundle for host datarouter.ol.epicgames.com: 0x2a73b52bfe8 [can pipeline])
[2018.02.27-07.42.36:685][773]LogHttp: Warning: 000002A75AD80100: libcurl info message cache 1 (Re-using existing connection! (#122) with host datarouter.ol.epicgames.com)
[2018.02.27-07.42.36:685][773]LogHttp: Warning: 000002A75AD80100: libcurl info message cache 2 (Connected to datarouter.ol.epicgames.com (52.44.182.42) port 443 (#122))
[2018.02.27-07.42.36:685][773]LogHttp: Warning: 000002A75AD80100: libcurl info message cache 3 (upload completely sent off: 356 out of 356 bytes)
[2018.02.27-07.42.36:685][773]LogHttp: Warning: 000002A75AD80100: libcurl info message cache 4 (SSL read: error:00000000:lib(0):func(0):reason(0), errno 10054)
[2018.02.27-07.42.36:685][773]LogHttp: Warning: 000002A75AD80100: libcurl info message cache 5 (Connection died, retrying a fresh connect)
[2018.02.27-07.42.36:685][773]LogHttp: Warning: 000002A75AD80100: libcurl info message cache 6 (Closing connection 122)
[2018.02.27-07.42.36:696][773]LogHttp: Warning: 000002A75AD80100: libcurl info message cache 7 (Issue another request to this URL: 'https://datarouter.ol.epicgames.com/datarouter/api/v1/public/data?SessionID=%7BAC8AF12E-413E-FA5C-9A50-9888F27C8BE4%7D&AppID=UEEditor.Rocket.Release&AppVersion=4.18.2-3794801%2B%2B%2BUE4%2BRelease-4.18&UserID=d0bb66964b85bd1309a56f9b5bdaa027%7Ca6e35e261d434ecb8d4f843755309385%7Cbd7414ad-3fa9-4c09-818d-e339c2a058b0&AppEnvironment=datacollector-binary&UploadType=eteventstream')
[2018.02.27-07.42.36:735][773]LogHttp: Warning: 000002A75AD80100: libcurl info message cache 8 (  Trying 34.236.56.198...)
[2018.02.27-07.42.36:735][773]LogHttp: Warning: 000002A75AD80100: libcurl info message cache 9 (connect to 34.236.56.198 port 443 failed: Timed out)
[2018.02.27-07.42.36:735][773]LogHttp: Warning: 000002A75AD80100: libcurl info message cache 10 (  Trying 34.236.109.113...)
[2018.02.27-07.42.36:735][773]LogHttp: Warning: 000002A75AD80100: libcurl info message cache 11 (connect to 34.236.109.113 port 443 failed: Timed out)
[2018.02.27-07.42.36:735][773]LogHttp: Warning: 000002A75AD80100: libcurl info message cache 12 (  Trying 34.234.59.70...)
[2018.02.27-07.42.36:736][773]LogHttp: Warning: 000002A75AD80100: libcurl info message cache 13 (connect to 34.234.59.70 port 443 failed: Timed out)
[2018.02.27-07.42.36:736][773]LogHttp: Warning: 000002A75AD80100: libcurl info message cache 14 (  Trying 34.232.223.19...)
[2018.02.27-07.42.36:736][773]LogHttp: Warning: 000002A75AD80100: libcurl info message cache 15 (connect to 34.232.223.19 port 443 failed: Timed out)
[2018.02.27-07.42.36:736][773]LogHttp: Warning: 000002A75AD80100: libcurl info message cache 16 (  Trying 34.233.193.83...)
[2018.02.27-07.42.36:736][773]LogHttp: Warning: 000002A75AD80100: libcurl info message cache 17 (connect to 34.233.193.83 port 443 failed: Timed out)
[2018.02.27-07.42.36:736][773]LogHttp: Warning: 000002A75AD80100: libcurl info message cache 18 (  Trying 34.236.45.65...)
[2018.02.27-07.42.36:736][773]LogHttp: Warning: 000002A75AD80100: libcurl info message cache 19 (connect to 34.236.45.65 port 443 failed: Timed out)
[2018.02.27-07.42.36:736][773]LogHttp: Warning: 000002A75AD80100: libcurl info message cache 20 (  Trying 34.237.155.76...)
[2018.02.27-07.42.36:736][773]LogHttp: Warning: 000002A75AD80100: libcurl info message cache 21 (connect to 34.237.155.76 port 443 failed: Timed out)
[2018.02.27-07.42.36:736][773]LogHttp: Warning: 000002A75AD80100: libcurl info message cache 22 (  Trying 34.236.71.140...)
[2018.02.27-07.42.36:736][773]LogHttp: Warning: 000002A75AD80100: libcurl info message cache 23 (Closing connection 123)
[2018.02.27-07.43.24:959][918]LogHttp: Warning: 000002A75AD81C00: request failed, libcurl error: 7 (Couldn't connect to server)
[2018.02.27-07.43.24:959][918]LogHttp: Warning: 000002A75AD81C00: libcurl info message cache 0 (Found bundle for host datarouter.ol.epicgames.com: 0x2a73b52bfb8 [serially])
[2018.02.27-07.43.24:959][918]LogHttp: Warning: 000002A75AD81C00: libcurl info message cache 1 (Hostname datarouter.ol.epicgames.com was found in DNS cache)
[2018.02.27-07.43.24:959][918]LogHttp: Warning: 000002A75AD81C00: libcurl info message cache 2 (  Trying 34.236.56.198...)
[2018.02.27-07.43.24:959][918]LogHttp: Warning: 000002A75AD81C00: libcurl info message cache 3 (connect to 34.236.56.198 port 443 failed: Timed out)
[2018.02.27-07.43.24:959][918]LogHttp: Warning: 000002A75AD81C00: libcurl info message cache 4 (  Trying 34.236.109.113...)
[2018.02.27-07.43.24:959][918]LogHttp: Warning: 000002A75AD81C00: libcurl info message cache 5 (connect to 34.236.109.113 port 443 failed: Timed out)
[2018.02.27-07.43.24:960][918]LogHttp: Warning: 000002A75AD81C00: libcurl info message cache 6 (  Trying 34.234.59.70...)
[2018.02.27-07.43.24:960][918]LogHttp: Warning: 000002A75AD81C00: libcurl info message cache 7 (connect to 34.234.59.70 port 443 failed: Timed out)
[2018.02.27-07.43.24:960][918]LogHttp: Warning: 000002A75AD81C00: libcurl info message cache 8 (  Trying 34.232.223.19...)
[2018.02.27-07.43.24:960][918]LogHttp: Warning: 000002A75AD81C00: libcurl info message cache 9 (connect to 34.232.223.19 port 443 failed: Timed out)
[2018.02.27-07.43.24:960][918]LogHttp: Warning: 000002A75AD81C00: libcurl info message cache 10 (  Trying 34.233.193.83...)
[2018.02.27-07.43.24:960][918]LogHttp: Warning: 000002A75AD81C00: libcurl info message cache 11 (connect to 34.233.193.83 port 443 failed: Timed out)
[2018.02.27-07.43.24:960][918]LogHttp: Warning: 000002A75AD81C00: libcurl info message cache 12 (  Trying 34.236.45.65...)
[2018.02.27-07.43.24:960][918]LogHttp: Warning: 000002A75AD81C00: libcurl info message cache 13 (connect to 34.236.45.65 port 443 failed: Timed out)
[2018.02.27-07.43.24:960][918]LogHttp: Warning: 000002A75AD81C00: libcurl info message cache 14 (  Trying 34.237.155.76...)
[2018.02.27-07.43.24:960][918]LogHttp: Warning: 000002A75AD81C00: libcurl info message cache 15 (connect to 34.237.155.76 port 443 failed: Timed out)
[2018.02.27-07.43.24:960][918]LogHttp: Warning: 000002A75AD81C00: libcurl info message cache 16 (  Trying 34.236.71.140...)
[2018.02.27-07.43.24:960][918]LogHttp: Warning: 000002A75AD81C00: libcurl info message cache 17 (connect to 34.236.71.140 port 443 failed: Timed out)
[2018.02.27-07.43.24:960][918]LogHttp: Warning: 000002A75AD81C00: libcurl info message cache 18 (Failed to connect to datarouter.ol.epicgames.com port 443: Timed out)
[2018.02.27-07.43.24:960][918]LogHttp: Warning: 000002A75AD81C00: libcurl info message cache 19 (Closing connection 124)
[2018.02.27-07.44.24:961][ 98]LogHttp: Warning: 000002A75AD82E00: request failed, libcurl error: 7 (Couldn't connect to server)
[2018.02.27-07.44.24:961][ 98]LogHttp: Warning: 000002A75AD82E00: libcurl info message cache 0 (Found bundle for host datarouter.ol.epicgames.com: 0x2a73b52bfb8 [serially])
[2018.02.27-07.44.24:961][ 98]LogHttp: Warning: 000002A75AD82E00: libcurl info message cache 1 (Hostname in DNS cache was stale, zapped)
[2018.02.27-07.44.24:962][ 98]LogHttp: Warning: 000002A75AD82E00: libcurl info message cache 2 (  Trying 50.17.84.198...)
[2018.02.27-07.44.24:962][ 98]LogHttp: Warning: 000002A75AD82E00: libcurl info message cache 3 (connect to 50.17.84.198 port 443 failed: Timed out)
[2018.02.27-07.44.24:962][ 98]LogHttp: Warning: 000002A75AD82E00: libcurl info message cache 4 (  Trying 52.55.22.79...)
[2018.02.27-07.44.24:962][ 98]LogHttp: Warning: 000002A75AD82E00: libcurl info message cache 5 (connect to 52.55.22.79 port 443 failed: Timed out)
[2018.02.27-07.44.24:962][ 98]LogHttp: Warning: 000002A75AD82E00: libcurl info message cache 6 (  Trying 52.7.0.117...)
[2018.02.27-07.44.24:962][ 98]LogHttp: Warning: 000002A75AD82E00: libcurl info message cache 7 (connect to 52.7.0.117 port 443 failed: Timed out)
[2018.02.27-07.44.24:962][ 98]LogHttp: Warning: 000002A75AD82E00: libcurl info message cache 8 (  Trying 52.71.110.218...)
[2018.02.27-07.44.24:962][ 98]LogHttp: Warning: 000002A75AD82E00: libcurl info message cache 9 (connect to 52.71.110.218 port 443 failed: Timed out)
[2018.02.27-07.44.24:962][ 98]LogHttp: Warning: 000002A75AD82E00: libcurl info message cache 10 (  Trying 52.7.10.175...)
[2018.02.27-07.44.24:962][ 98]LogHttp: Warning: 000002A75AD82E00: libcurl info message cache 11 (connect to 52.7.10.175 port 443 failed: Timed out)
[2018.02.27-07.44.24:962][ 98]LogHttp: Warning: 000002A75AD82E00: libcurl info message cache 12 (  Trying 52.55.68.72...)
[2018.02.27-07.44.24:962][ 98]LogHttp: Warning: 000002A75AD82E00: libcurl info message cache 13 (connect to 52.55.68.72 port 443 failed: Timed out)
[2018.02.27-07.44.24:962][ 98]LogHttp: Warning: 000002A75AD82E00: libcurl info message cache 14 (  Trying 52.203.110.227...)
[2018.02.27-07.44.24:962][ 98]LogHttp: Warning: 000002A75AD82E00: libcurl info message cache 15 (connect to 52.203.110.227 port 443 failed: Timed out)
[2018.02.27-07.44.24:962][ 98]LogHttp: Warning: 000002A75AD82E00: libcurl info message cache 16 (  Trying 52.20.132.102...)
[2018.02.27-07.44.24:962][ 98]LogHttp: Warning: 000002A75AD82E00: libcurl info message cache 17 (connect to 52.20.132.102 port 443 failed: Timed out)
[2018.02.27-07.44.24:962][ 98]LogHttp: Warning: 000002A75AD82E00: libcurl info message cache 18 (Failed to connect to datarouter.ol.epicgames.com port 443: Timed out)
[2018.02.27-07.44.24:962][ 98]LogHttp: Warning: 000002A75AD82E00: libcurl info message cache 19 (Closing connection 125)
[2018.02.27-07.45.24:961][278]LogHttp: Warning: 000002A75AD80280: request failed, libcurl error: 7 (Couldn't connect to server)
[2018.02.27-07.45.24:961][278]LogHttp: Warning: 000002A75AD80280: libcurl info message cache 0 (Found bundle for host datarouter.ol.epicgames.com: 0x2a73b52bfb8 [serially])
[2018.02.27-07.45.24:961][278]LogHttp: Warning: 000002A75AD80280: libcurl info message cache 1 (  Trying 52.3.209.95...)
[2018.02.27-07.45.24:961][278]LogHttp: Warning: 000002A75AD80280: libcurl info message cache 2 (connect to 52.3.209.95 port 443 failed: Timed out)
[2018.02.27-07.45.24:961][278]LogHttp: Warning: 000002A75AD80280: libcurl info message cache 3 (  Trying 52.22.91.138...)
[2018.02.27-07.45.24:961][278]LogHttp: Warning: 000002A75AD80280: libcurl info message cache 4 (connect to 52.22.91.138 port 443 failed: Timed out)
[2018.02.27-07.45.24:961][278]LogHttp: Warning: 000002A75AD80280: libcurl info message cache 5 (  Trying 52.3.26.67...)
[2018.02.27-07.45.24:961][278]LogHttp: Warning: 000002A75AD80280: libcurl info message cache 6 (connect to 52.3.26.67 port 443 failed: Timed out)
[2018.02.27-07.45.24:961][278]LogHttp: Warning: 000002A75AD80280: libcurl info message cache 7 (  Trying 52.22.96.50...)
[2018.02.27-07.45.24:962][278]LogHttp: Warning: 000002A75AD80280: libcurl info message cache 8 (connect to 52.22.96.50 port 443 failed: Timed out)
[2018.02.27-07.45.24:962][278]LogHttp: Warning: 000002A75AD80280: libcurl info message cache 9 (  Trying 52.4.117.229...)
[2018.02.27-07.45.24:962][278]LogHttp: Warning: 000002A75AD80280: libcurl info message cache 10 (connect to 52.4.117.229 port 443 failed: Timed out)
[2018.02.27-07.45.24:962][278]LogHttp: Warning: 000002A75AD80280: libcurl info message cache 11 (  Trying 52.23.69.0...)
[2018.02.27-07.45.24:962][278]LogHttp: Warning: 000002A75AD80280: libcurl info message cache 12 (connect to 52.23.69.0 port 443 failed: Timed out)
[2018.02.27-07.45.24:962][278]LogHttp: Warning: 000002A75AD80280: libcurl info message cache 13 (  Trying 52.3.214.110...)
[2018.02.27-07.45.24:962][278]LogHttp: Warning: 000002A75AD80280: libcurl info message cache 14 (connect to 52.3.214.110 port 443 failed: Timed out)
[2018.02.27-07.45.24:962][278]LogHttp: Warning: 000002A75AD80280: libcurl info message cache 15 (  Trying 52.3.99.96...)
[2018.02.27-07.45.24:962][278]LogHttp: Warning: 000002A75AD80280: libcurl info message cache 16 (connect to 52.3.99.96 port 443 failed: Timed out)
[2018.02.27-07.45.24:962][278]LogHttp: Warning: 000002A75AD80280: libcurl info message cache 17 (Failed to connect to datarouter.ol.epicgames.com port 443: Timed out)
[2018.02.27-07.45.24:962][278]LogHttp: Warning: 000002A75AD80280: libcurl info message cache 18 (Closing connection 126)
[2018.02.27-07.50.13:642][144]LogHttp: Warning: 000002A7751E5480: request failed, libcurl error: 7 (Couldn't connect to server)
[2018.02.27-07.50.13:643][144]LogHttp: Warning: 000002A7751E5480: libcurl info message cache 0 (  Trying 34.224.180.111...)
[2018.02.27-07.50.13:643][144]LogHttp: Warning: 000002A7751E5480: libcurl info message cache 1 (connect to 34.224.180.111 port 443 failed: Timed out)
[2018.02.27-07.50.13:643][144]LogHttp: Warning: 000002A7751E5480: libcurl info message cache 2 (  Trying 34.206.112.122...)
[2018.02.27-07.50.13:643][144]LogHttp: Warning: 000002A7751E5480: libcurl info message cache 3 (connect to 34.206.112.122 port 443 failed: Timed out)
[2018.02.27-07.50.13:643][144]LogHttp: Warning: 000002A7751E5480: libcurl info message cache 4 (  Trying 34.224.179.105...)
[2018.02.27-07.50.13:643][144]LogHttp: Warning: 000002A7751E5480: libcurl info message cache 5 (connect to 34.224.179.105 port 443 failed: Timed out)
[2018.02.27-07.50.13:643][144]LogHttp: Warning: 000002A7751E5480: libcurl info message cache 6 (  Trying 34.225.222.100...)
[2018.02.27-07.50.13:643][144]LogHttp: Warning: 000002A7751E5480: libcurl info message cache 7 (connect to 34.225.222.100 port 443 failed: Timed out)
[2018.02.27-07.50.13:643][144]LogHttp: Warning: 000002A7751E5480: libcurl info message cache 8 (  Trying 34.204.29.66...)
[2018.02.27-07.50.13:643][144]LogHttp: Warning: 000002A7751E5480: libcurl info message cache 9 (connect to 34.204.29.66 port 443 failed: Timed out)
[2018.02.27-07.50.13:643][144]LogHttp: Warning: 000002A7751E5480: libcurl info message cache 10 (  Trying 34.224.220.129...)
[2018.02.27-07.50.13:643][144]LogHttp: Warning: 000002A7751E5480: libcurl info message cache 11 (connect to 34.224.220.129 port 443 failed: Timed out)
[2018.02.27-07.50.13:644][144]LogHttp: Warning: 000002A7751E5480: libcurl info message cache 12 (  Trying 34.205.14.193...)
[2018.02.27-07.50.13:644][144]LogHttp: Warning: 000002A7751E5480: libcurl info message cache 13 (connect to 34.205.14.193 port 443 failed: Timed out)
[2018.02.27-07.50.13:644][144]LogHttp: Warning: 000002A7751E5480: libcurl info message cache 14 (  Trying 34.225.6.90...)
[2018.02.27-07.50.13:644][144]LogHttp: Warning: 000002A7751E5480: libcurl info message cache 15 (connect to 34.225.6.90 port 443 failed: Timed out)
[2018.02.27-07.50.13:644][144]LogHttp: Warning: 000002A7751E5480: libcurl info message cache 16 (Failed to connect to datarouter.ol.epicgames.com port 443: Timed out)
[2018.02.27-07.50.13:644][144]LogHttp: Warning: 000002A7751E5480: libcurl info message cache 17 (Closing connection 127)
[2018.02.27-07.50.21:731][168]LogHttp: Warning: 000002A7751E6080: request failed, libcurl error: 7 (Couldn't connect to server)
[2018.02.27-07.50.21:731][168]LogHttp: Warning: 000002A7751E6080: libcurl info message cache 0 (Found bundle for host datarouter.ol.epicgames.com: 0x2a73b52bfe8 [serially])
[2018.02.27-07.50.21:731][168]LogHttp: Warning: 000002A7751E6080: libcurl info message cache 1 (Hostname in DNS cache was stale, zapped)
[2018.02.27-07.50.21:731][168]LogHttp: Warning: 000002A7751E6080: libcurl info message cache 2 (  Trying 52.207.98.242...)
[2018.02.27-07.50.21:731][168]LogHttp: Warning: 000002A7751E6080: libcurl info message cache 3 (connect to 52.207.98.242 port 443 failed: Timed out)
[2018.02.27-07.50.21:731][168]LogHttp: Warning: 000002A7751E6080: libcurl info message cache 4 (  Trying 52.207.85.209...)
[2018.02.27-07.50.21:731][168]LogHttp: Warning: 000002A7751E6080: libcurl info message cache 5 (connect to 52.207.85.209 port 443 failed: Timed out)
[2018.02.27-07.50.21:732][168]LogHttp: Warning: 000002A7751E6080: libcurl info message cache 6 (  Trying 52.21.17.1...)
[2018.02.27-07.50.21:732][168]LogHttp: Warning: 000002A7751E6080: libcurl info message cache 7 (connect to 52.21.17.1 port 443 failed: Timed out)
[2018.02.27-07.50.21:732][168]LogHttp: Warning: 000002A7751E6080: libcurl info message cache 8 (  Trying 52.21.134.14...)
[2018.02.27-07.50.21:732][168]LogHttp: Warning: 000002A7751E6080: libcurl info message cache 9 (connect to 52.21.134.14 port 443 failed: Timed out)
[2018.02.27-07.50.21:732][168]LogHttp: Warning: 000002A7751E6080: libcurl info message cache 10 (  Trying 52.21.143.162...)
[2018.02.27-07.50.21:732][168]LogHttp: Warning: 000002A7751E6080: libcurl info message cache 11 (connect to 52.21.143.162 port 443 failed: Timed out)
[2018.02.27-07.50.21:732][168]LogHttp: Warning: 000002A7751E6080: libcurl info message cache 12 (  Trying 52.207.195.77...)
[2018.02.27-07.50.21:732][168]LogHttp: Warning: 000002A7751E6080: libcurl info message cache 13 (connect to 52.207.195.77 port 443 failed: Host unreachable)
[2018.02.27-07.50.21:732][168]LogHttp: Warning: 000002A7751E6080: libcurl info message cache 14 (  Trying 52.206.241.43...)
[2018.02.27-07.50.21:732][168]LogHttp: Warning: 000002A7751E6080: libcurl info message cache 15 (connect to 52.206.241.43 port 443 failed: Host unreachable)
[2018.02.27-07.50.21:732][168]LogHttp: Warning: 000002A7751E6080: libcurl info message cache 16 (  Trying 52.207.104.250...)
[2018.02.27-07.50.21:732][168]LogHttp: Warning: 000002A7751E6080: libcurl info message cache 17 (connect to 52.207.104.250 port 443 failed: Host unreachable)
[2018.02.27-07.50.21:732][168]LogHttp: Warning: 000002A7751E6080: libcurl info message cache 18 (Failed to connect to datarouter.ol.epicgames.com port 443: Host unreachable)
[2018.02.27-07.50.21:732][168]LogHttp: Warning: 000002A7751E6080: libcurl info message cache 19 (Closing connection 128)
[2018.02.27-10.50.39:052][202]LogD3D11RHI: Timed out while waiting for GPU to catch up. (500 ms)
[2018.02.27-10.50.39:351][202]LogHttp: Warning: 000002A7751E5D80: request failed, libcurl error: 28 (Timeout was reached)
[2018.02.27-10.50.39:351][202]LogHttp: Warning: 000002A7751E5D80: libcurl info message cache 0 (Found bundle for host datarouter.ol.epicgames.com: 0x2a73b52bfe8 [serially])
[2018.02.27-10.50.39:351][202]LogHttp: Warning: 000002A7751E5D80: libcurl info message cache 1 (Hostname in DNS cache was stale, zapped)
[2018.02.27-10.50.39:351][202]LogHttp: Warning: 000002A7751E5D80: libcurl info message cache 2 (  Trying 52.205.238.121...)
[2018.02.27-10.50.39:351][202]LogHttp: Warning: 000002A7751E5D80: libcurl info message cache 3 (connect to 52.205.238.121 port 443 failed: Timed out)
[2018.02.27-10.50.39:351][202]LogHttp: Warning: 000002A7751E5D80: libcurl info message cache 4 (  Trying 52.207.195.77...)
[2018.02.27-10.50.39:351][202]LogHttp: Warning: 000002A7751E5D80: libcurl info message cache 5 (connect to 52.207.195.77 port 443 failed: Timed out)
[2018.02.27-10.50.39:351][202]LogHttp: Warning: 000002A7751E5D80: libcurl info message cache 6 (  Trying 52.207.104.250...)
[2018.02.27-10.50.39:351][202]LogHttp: Warning: 000002A7751E5D80: libcurl info message cache 7 (Connection timed out after 10856875 milliseconds)
[2018.02.27-10.50.39:351][202]LogHttp: Warning: 000002A7751E5D80: libcurl info message cache 8 (Closing connection 129)
[2018.02.27-11.26.57:213][221]LogD3D11RHI: Timed out while waiting for GPU to catch up. (500 ms)
[2018.02.27-11.27.00:519][223]LogHttp: Warning: 000002A7751E7E80: request failed, libcurl error: 6 (Couldn't resolve host name)
[2018.02.27-11.27.00:519][223]LogHttp: Warning: 000002A7751E7E80: libcurl info message cache 0 (Could not resolve host: datarouter.ol.epicgames.com)
[2018.02.27-11.27.00:519][223]LogHttp: Warning: 000002A7751E7E80: libcurl info message cache 1 (Closing connection 130)
[2018.02.27-11.29.00:892][584]LogHttp: Warning: 000002A7751E5300: request failed, libcurl error: 6 (Couldn't resolve host name)
[2018.02.27-11.29.00:892][584]LogHttp: Warning: 000002A7751E5300: libcurl info message cache 0 (Could not resolve host: datarouter.ol.epicgames.com)
[2018.02.27-11.29.00:892][584]LogHttp: Warning: 000002A7751E5300: libcurl info message cache 1 (Closing connection 131)
[2018.02.27-11.31.01:229][945]LogHttp: Warning: 000002A7751E5D80: request failed, libcurl error: 6 (Couldn't resolve host name)
[2018.02.27-11.31.01:230][945]LogHttp: Warning: 000002A7751E5D80: libcurl info message cache 0 (Could not resolve host: datarouter.ol.epicgames.com)
[2018.02.27-11.31.01:230][945]LogHttp: Warning: 000002A7751E5D80: libcurl info message cache 1 (Closing connection 132)
[2018.02.27-11.33.01:566][306]LogHttp: Warning: 000002A7751E4B80: request failed, libcurl error: 6 (Couldn't resolve host name)
[2018.02.27-11.33.01:566][306]LogHttp: Warning: 000002A7751E4B80: libcurl info message cache 0 (Could not resolve host: datarouter.ol.epicgames.com)
[2018.02.27-11.33.01:566][306]LogHttp: Warning: 000002A7751E4B80: libcurl info message cache 1 (Closing connection 133)
[2018.02.27-22.49.40:151][352]LogHttp: Warning: 000002A7751E6200: request failed, libcurl error: 6 (Couldn't resolve host name)
[2018.02.27-22.49.40:354][352]LogHttp: Warning: 000002A7751E6200: libcurl info message cache 0 (Found bundle for host datarouter.ol.epicgames.com: 0x2a73b52bfe8 [can pipeline])
[2018.02.27-22.49.40:355][352]LogHttp: Warning: 000002A7751E6200: libcurl info message cache 1 (Re-using existing connection! (#213) with host datarouter.ol.epicgames.com)
[2018.02.27-22.49.40:355][352]LogHttp: Warning: 000002A7751E6200: libcurl info message cache 2 (Connected to datarouter.ol.epicgames.com (52.55.68.72) port 443 (#213))
[2018.02.27-22.49.40:356][352]LogHttp: Warning: 000002A7751E6200: libcurl info message cache 3 (upload completely sent off: 700 out of 700 bytes)
[2018.02.27-22.49.40:356][352]LogHttp: Warning: 000002A7751E6200: libcurl info message cache 4 (SSL read: error:00000000:lib(0):func(0):reason(0), errno 10054)
[2018.02.27-22.49.40:356][352]LogHttp: Warning: 000002A7751E6200: libcurl info message cache 5 (Connection died, retrying a fresh connect)
[2018.02.27-22.49.40:356][352]LogHttp: Warning: 000002A7751E6200: libcurl info message cache 6 (Closing connection 213)
[2018.02.27-22.49.40:356][352]LogHttp: Warning: 000002A7751E6200: libcurl info message cache 7 (Issue another request to this URL: 'https://datarouter.ol.epicgames.com/datarouter/api/v1/public/data?SessionID=%7BAC8AF12E-413E-FA5C-9A50-9888F27C8BE4%7D&AppID=UEEditor.Rocket.Release&AppVersion=4.18.2-3794801%2B%2B%2BUE4%2BRelease-4.18&UserID=d0bb66964b85bd1309a56f9b5bdaa027%7Ca6e35e261d434ecb8d4f843755309385%7Cbd7414ad-3fa9-4c09-818d-e339c2a058b0&AppEnvironment=datacollector-binary&UploadType=eteventstream')
[2018.02.27-22.49.40:514][352]LogHttp: Warning: 000002A7751E6200: libcurl info message cache 8 (Could not resolve host: datarouter.ol.epicgames.com)
[2018.02.27-22.49.40:514][352]LogHttp: Warning: 000002A7751E6200: libcurl info message cache 9 (Closing connection 214)
[2018.02.28-01.49.56:928][374]LogD3D11RHI: Timed out while waiting for GPU to catch up. (500 ms)
[2018.02.28-01.50.00:782][375]LogHttp: Warning: 000002A7751E5480: request failed, libcurl error: 6 (Couldn't resolve host name)
[2018.02.28-01.50.00:782][375]LogHttp: Warning: 000002A7751E5480: libcurl info message cache 0 (Could not resolve host: datarouter.ol.epicgames.com)
[2018.02.28-01.50.00:782][375]LogHttp: Warning: 000002A7751E5480: libcurl info message cache 1 (Closing connection 215)
[2018.02.28-15.36.50:711][417]LogD3D11RHI: Timed out while waiting for GPU to catch up. (500 ms)
[2018.02.28-15.36.55:465][417]LogHttp: Warning: 000002A7751E4280: request failed, libcurl error: 6 (Couldn't resolve host name)
[2018.02.28-15.36.55:465][417]LogHttp: Warning: 000002A7751E4280: libcurl info message cache 0 (Could not resolve host: datarouter.ol.epicgames.com)
[2018.02.28-15.36.55:465][417]LogHttp: Warning: 000002A7751E4280: libcurl info message cache 1 (Closing connection 216)
[2018.02.28-19.36.59:066][738]LogD3D11RHI: Timed out while waiting for GPU to catch up. (500 ms)
[2018.02.28-19.37.23:128][798]LogHttp: Warning: 000002A7751E7700: request failed, libcurl error: 6 (Couldn't resolve host name)
[2018.02.28-19.37.23:129][798]LogHttp: Warning: 000002A7751E7700: libcurl info message cache 0 (Found bundle for host datarouter.ol.epicgames.com: 0x2a73b52bfe8 [can pipeline])
[2018.02.28-19.37.23:144][798]LogHttp: Warning: 000002A7751E7700: libcurl info message cache 1 (Re-using existing connection! (#250) with host datarouter.ol.epicgames.com)
[2018.02.28-19.37.23:145][798]LogHttp: Warning: 000002A7751E7700: libcurl info message cache 2 (Connected to datarouter.ol.epicgames.com (52.0.77.141) port 443 (#250))
[2018.02.28-19.37.23:145][798]LogHttp: Warning: 000002A7751E7700: libcurl info message cache 3 (upload completely sent off: 9378 out of 9378 bytes)
[2018.02.28-19.37.23:176][798]LogHttp: Warning: 000002A7751E7700: libcurl info message cache 4 (SSL read: error:00000000:lib(0):func(0):reason(0), errno 10054)
[2018.02.28-19.37.23:176][798]LogHttp: Warning: 000002A7751E7700: libcurl info message cache 5 (Connection died, retrying a fresh connect)
[2018.02.28-19.37.23:176][798]LogHttp: Warning: 000002A7751E7700: libcurl info message cache 6 (Closing connection 250)
[2018.02.28-19.37.23:176][798]LogHttp: Warning: 000002A7751E7700: libcurl info message cache 7 (Issue another request to this URL: 'https://datarouter.ol.epicgames.com/datarouter/api/v1/public/data?SessionID=%7BAC8AF12E-413E-FA5C-9A50-9888F27C8BE4%7D&AppID=UEEditor.Rocket.Release&AppVersion=4.18.2-3794801%2B%2B%2BUE4%2BRelease-4.18&UserID=d0bb66964b85bd1309a56f9b5bdaa027%7Ca6e35e261d434ecb8d4f843755309385%7Cbd7414ad-3fa9-4c09-818d-e339c2a058b0&AppEnvironment=datacollector-binary&UploadType=eteventstream')
[2018.02.28-19.37.23:177][798]LogHttp: Warning: 000002A7751E7700: libcurl info message cache 8 (Could not resolve host: datarouter.ol.epicgames.com)
[2018.02.28-19.37.23:177][798]LogHttp: Warning: 000002A7751E7700: libcurl info message cache 9 (Closing connection 251)
[2018.02.28-22.33.58:552][710]LogHttp: Warning: 000002A7751E5780: request failed, libcurl error: 6 (Couldn't resolve host name)
[2018.02.28-22.33.58:553][710]LogHttp: Warning: 000002A7751E5780: libcurl info message cache 0 (Connection 273 seems to be dead!)
[2018.02.28-22.33.58:553][710]LogHttp: Warning: 000002A7751E5780: libcurl info message cache 1 (Closing connection 273)
[2018.02.28-22.33.58:554][710]LogHttp: Warning: 000002A7751E5780: libcurl info message cache 2 (TLSv1.2 (OUT), TLS alert, Client hello (1):)
[2018.02.28-22.33.58:595][710]LogHttp: Warning: 000002A7751E5780: libcurl info message cache 3 (Could not resolve host: datarouter.ol.epicgames.com)
[2018.02.28-22.33.58:595][710]LogHttp: Warning: 000002A7751E5780: libcurl info message cache 4 (Closing connection 274)
[2018.03.01-01.34.15:543][742]LogD3D11RHI: Timed out while waiting for GPU to catch up. (500 ms)
[2018.03.01-01.34.17:099][743]LogHttp: Warning: 000002A7751E6200: request failed, libcurl error: 6 (Couldn't resolve host name)
[2018.03.01-01.34.17:099][743]LogHttp: Warning: 000002A7751E6200: libcurl info message cache 0 (Could not resolve host: datarouter.ol.epicgames.com)
[2018.03.01-01.34.17:099][743]LogHttp: Warning: 000002A7751E6200: libcurl info message cache 1 (Closing connection 275)
[2018.03.01-12.00.43:952][787]LogHttp: Warning: 000002A7751E7D00: request failed, libcurl error: 6 (Couldn't resolve host name)
[2018.03.01-12.00.43:952][787]LogHttp: Warning: 000002A7751E7D00: libcurl info message cache 0 (Could not resolve host: datarouter.ol.epicgames.com)
[2018.03.01-12.00.43:952][787]LogHttp: Warning: 000002A7751E7D00: libcurl info message cache 1 (Closing connection 276)
[2018.03.02-01.07.41:332][ 36]LogHttp: Warning: 000002A7751E6500: request failed, libcurl error: 0 (No error)
[2018.03.02-01.07.41:558][ 36]LogHttp: Warning: 000002A7751E6500: libcurl info message cache 0 (Found bundle for host datarouter.ol.epicgames.com: 0x2a73b52a800 [can pipeline])
[2018.03.02-01.07.41:558][ 36]LogHttp: Warning: 000002A7751E6500: libcurl info message cache 1 (Re-using existing connection! (#333) with host datarouter.ol.epicgames.com)
[2018.03.02-01.07.41:558][ 36]LogHttp: Warning: 000002A7751E6500: libcurl info message cache 2 (Connected to datarouter.ol.epicgames.com (34.227.2.194) port 443 (#333))
[2018.03.02-01.07.41:558][ 36]LogHttp: Warning: 000002A7751E6500: libcurl info message cache 3 (upload completely sent off: 356 out of 356 bytes)
[2018.03.02-01.07.41:606][ 36]LogHttp: Warning: 000002A7751E6500: libcurl info message cache 4 (Closing connection 333)
[2018.03.02-01.07.41:607][ 36]LogHttp: Warning: 000002A7751E6500: libcurl info message cache 5 (TLSv1.2 (OUT), TLS alert, Client hello (1):)
[2018.03.02-11.01.39:306][ 73]LogHttp: Warning: 000002A7751E6980: request failed, libcurl error: 6 (Couldn't resolve host name)
[2018.03.02-11.01.39:306][ 73]LogHttp: Warning: 000002A7751E6980: libcurl info message cache 0 (Could not resolve host: datarouter.ol.epicgames.com)
[2018.03.02-11.01.39:549][ 73]LogHttp: Warning: 000002A7751E6980: libcurl info message cache 1 (Closing connection 334)
[2018.03.02-17.40.27:889][926]LogD3D11RHI: Timed out while waiting for GPU to catch up. (500 ms)
[2018.03.02-18.03.16:625][158]LogD3D11RHI: Timed out while waiting for GPU to catch up. (500 ms)
[2018.03.02-18.03.36:124][217]LogHttp: Warning: 000002A7751E7580: request failed, libcurl error: 6 (Couldn't resolve host name)
[2018.03.02-18.03.36:124][217]LogHttp: Warning: 000002A7751E7580: libcurl info message cache 0 (Found bundle for host datarouter.ol.epicgames.com: 0x2a73b529bb8 [can pipeline])
[2018.03.02-18.03.36:124][217]LogHttp: Warning: 000002A7751E7580: libcurl info message cache 1 (Re-using existing connection! (#358) with host datarouter.ol.epicgames.com)
[2018.03.02-18.03.36:124][217]LogHttp: Warning: 000002A7751E7580: libcurl info message cache 2 (Connected to datarouter.ol.epicgames.com (52.21.90.176) port 443 (#358))
[2018.03.02-18.03.36:124][217]LogHttp: Warning: 000002A7751E7580: libcurl info message cache 3 (upload completely sent off: 7644 out of 7644 bytes)
[2018.03.02-18.03.36:124][217]LogHttp: Warning: 000002A7751E7580: libcurl info message cache 4 (SSL read: error:00000000:lib(0):func(0):reason(0), errno 10054)
[2018.03.02-18.03.36:124][217]LogHttp: Warning: 000002A7751E7580: libcurl info message cache 5 (Connection died, retrying a fresh connect)
[2018.03.02-18.03.36:124][217]LogHttp: Warning: 000002A7751E7580: libcurl info message cache 6 (Closing connection 358)
[2018.03.02-18.03.36:124][217]LogHttp: Warning: 000002A7751E7580: libcurl info message cache 7 (Issue another request to this URL: 'https://datarouter.ol.epicgames.com/datarouter/api/v1/public/data?SessionID=%7BAC8AF12E-413E-FA5C-9A50-9888F27C8BE4%7D&AppID=UEEditor.Rocket.Release&AppVersion=4.18.2-3794801%2B%2B%2BUE4%2BRelease-4.18&UserID=d0bb66964b85bd1309a56f9b5bdaa027%7Ca6e35e261d434ecb8d4f843755309385%7Cbd7414ad-3fa9-4c09-818d-e339c2a058b0&AppEnvironment=datacollector-binary&UploadType=eteventstream')
[2018.03.02-18.03.36:125][217]LogHttp: Warning: 000002A7751E7580: libcurl info message cache 8 (Could not resolve host: datarouter.ol.epicgames.com)
[2018.03.02-18.03.36:125][217]LogHttp: Warning: 000002A7751E7580: libcurl info message cache 9 (Closing connection 359)
[2018.03.02-18.05.36:731][578]LogHttp: Warning: 000002A7751E5300: request failed, libcurl error: 6 (Couldn't resolve host name)
[2018.03.02-18.05.36:732][578]LogHttp: Warning: 000002A7751E5300: libcurl info message cache 0 (Could not resolve host: datarouter.ol.epicgames.com)
[2018.03.02-18.05.36:732][578]LogHttp: Warning: 000002A7751E5300: libcurl info message cache 1 (Closing connection 360)
[2018.03.02-18.06.10:596][670]LogD3D11RHI: Timed out while waiting for GPU to catch up. (500 ms)
[2018.03.02-19.44.33:676][714]LogD3D11RHI: Timed out while waiting for GPU to catch up. (500 ms)
[2018.03.02-19.44.38:174][715]LogHttp: Warning: 000002A7751E5780: request failed, libcurl error: 6 (Couldn't resolve host name)
[2018.03.02-19.44.38:174][715]LogHttp: Warning: 000002A7751E5780: libcurl info message cache 0 (Could not resolve host: datarouter.ol.epicgames.com)
[2018.03.02-19.44.38:174][715]LogHttp: Warning: 000002A7751E5780: libcurl info message cache 1 (Closing connection 361)
[2018.03.02-19.46.38:624][ 75]LogHttp: Warning: 000002A7751E7B80: request failed, libcurl error: 6 (Couldn't resolve host name)
[2018.03.02-19.46.38:624][ 75]LogHttp: Warning: 000002A7751E7B80: libcurl info message cache 0 (Could not resolve host: datarouter.ol.epicgames.com)
[2018.03.02-19.46.38:624][ 75]LogHttp: Warning: 000002A7751E7B80: libcurl info message cache 1 (Closing connection 362)
[2018.03.02-20.01.41:617][562]LogD3D11RHI: Timed out while waiting for GPU to catch up. (500 ms)
[2018.03.02-20.01.46:290][563]LogHttp: Warning: 000002A7751E6680: request failed, libcurl error: 6 (Couldn't resolve host name)
[2018.03.02-20.01.46:290][563]LogHttp: Warning: 000002A7751E6680: libcurl info message cache 0 (Could not resolve host: datarouter.ol.epicgames.com)
[2018.03.02-20.01.46:290][563]LogHttp: Warning: 000002A7751E6680: libcurl info message cache 1 (Closing connection 363)
[2018.03.03-00.25.25:825][568]LogHttp: Warning: 000002A7751E5000: request failed, libcurl error: 0 (No error)
[2018.03.03-00.25.25:826][568]LogHttp: Warning: 000002A7751E5000: libcurl info message cache 0 (Found bundle for host datarouter.ol.epicgames.com: 0x2a73b5297e0 [can pipeline])
[2018.03.03-00.25.25:826][568]LogHttp: Warning: 000002A7751E5000: libcurl info message cache 1 (Re-using existing connection! (#382) with host datarouter.ol.epicgames.com)
[2018.03.03-00.25.25:826][568]LogHttp: Warning: 000002A7751E5000: libcurl info message cache 2 (Connected to datarouter.ol.epicgames.com (35.169.213.209) port 443 (#382))
[2018.03.03-00.25.25:826][568]LogHttp: Warning: 000002A7751E5000: libcurl info message cache 3 (upload completely sent off: 700 out of 700 bytes)
[2018.03.03-00.25.25:826][568]LogHttp: Warning: 000002A7751E5000: libcurl info message cache 4 (Closing connection 382)
[2018.03.03-00.25.25:826][568]LogHttp: Warning: 000002A7751E5000: libcurl info message cache 5 (TLSv1.2 (OUT), TLS alert, Client hello (1):)
[2018.03.03-03.38.54:438][611]LogHttp: Warning: 000002A7751E6680: request failed, libcurl error: 6 (Couldn't resolve host name)
[2018.03.03-03.38.54:438][611]LogHttp: Warning: 000002A7751E6680: libcurl info message cache 0 (Could not resolve host: datarouter.ol.epicgames.com)
[2018.03.03-03.38.54:438][611]LogHttp: Warning: 000002A7751E6680: libcurl info message cache 1 (Closing connection 383)
[2018.03.03-03.40.54:970][973]LogHttp: Warning: 000002A7751E5000: request failed, libcurl error: 6 (Couldn't resolve host name)
[2018.03.03-03.40.54:972][973]LogHttp: Warning: 000002A7751E5000: libcurl info message cache 0 (Could not resolve host: datarouter.ol.epicgames.com)
[2018.03.03-03.40.54:972][973]LogHttp: Warning: 000002A7751E5000: libcurl info message cache 1 (Closing connection 384)
[2018.03.03-03.41.20:642][ 34]LogD3D11RHI: Timed out while waiting for GPU to catch up. (500 ms)
[2018.03.03-05.24.35:694][306]LogD3D11RHI: Timed out while waiting for GPU to catch up. (500 ms)
[2018.03.03-05.24.39:286][307]LogHttp: Warning: 000002A7751E5F00: request failed, libcurl error: 6 (Couldn't resolve host name)
[2018.03.03-05.24.39:365][307]LogHttp: Warning: 000002A7751E5F00: libcurl info message cache 0 (Could not resolve host: datarouter.ol.epicgames.com)
[2018.03.03-05.24.39:365][307]LogHttp: Warning: 000002A7751E5F00: libcurl info message cache 1 (Closing connection 385)
[2018.03.03-05.24.39:384][308]LogHttp: Warning: 000002A7751E5C00: request failed, libcurl error: 6 (Couldn't resolve host name)
[2018.03.03-05.24.39:384][308]LogHttp: Warning: 000002A7751E5C00: libcurl info message cache 0 (Could not resolve host: datarouter.ol.epicgames.com)
[2018.03.03-05.24.39:384][308]LogHttp: Warning: 000002A7751E5C00: libcurl info message cache 1 (Closing connection 386)
[2018.03.03-05.26.39:839][666]LogHttp: Warning: 000002A7751E4580: request failed, libcurl error: 6 (Couldn't resolve host name)
[2018.03.03-05.26.39:839][666]LogHttp: Warning: 000002A7751E4580: libcurl info message cache 0 (Could not resolve host: datarouter.ol.epicgames.com)
[2018.03.03-05.26.39:839][666]LogHttp: Warning: 000002A7751E4580: libcurl info message cache 1 (Closing connection 387)
[2018.03.03-08.26.58:690][926]LogD3D11RHI: Timed out while waiting for GPU to catch up. (500 ms)
[2018.03.03-08.27.03:067][929]LogHttp: Warning: 000002A7751E6B00: request failed, libcurl error: 6 (Couldn't resolve host name)
[2018.03.03-08.27.03:067][929]LogHttp: Warning: 000002A7751E6B00: libcurl info message cache 0 (Could not resolve host: datarouter.ol.epicgames.com)
[2018.03.03-08.27.03:067][929]LogHttp: Warning: 000002A7751E6B00: libcurl info message cache 1 (Closing connection 388)
[2018.03.03-10.02.46:923][941]LogD3D11RHI: Timed out while waiting for GPU to catch up. (500 ms)
[2018.03.03-10.02.47:965][942]LogHttp: Warning: 000002A7751E5D80: request failed, libcurl error: 6 (Couldn't resolve host name)
[2018.03.03-10.02.47:965][942]LogHttp: Warning: 000002A7751E5D80: libcurl info message cache 0 (Could not resolve host: datarouter.ol.epicgames.com)
[2018.03.03-10.02.47:965][942]LogHttp: Warning: 000002A7751E5D80: libcurl info message cache 1 (Closing connection 389)
